[2024-02-23 19:56:59,674: INFO: main:  Starting Data Ingestion]
[2024-02-23 19:56:59,674: INFO: main:  Data Ingestion completed]
[2024-02-23 19:57:44,753: INFO: main:  Starting Data Ingestion]
[2024-02-23 19:57:44,753: INFO: main:  Data Ingestion completed]
[2024-02-23 20:00:48,223: INFO: main:  Starting Data Ingestion]
[2024-02-23 20:00:48,224: INFO: main:  Data Ingestion completed]
[2024-02-23 20:02:06,254: INFO: main:  Starting Data Ingestion]
[2024-02-23 20:02:06,255: INFO: main:  Data Ingestion completed]
[2024-02-23 20:04:34,908: INFO: stage_01_data_ingestion:  >>>>>> stage Data Ingestion started <<<<<<]
[2024-02-23 20:04:34,909: ERROR: stage_01_data_ingestion:  DataIngestionTrainingPipeline.main() missing 1 required positional argument: 'self']
Traceback (most recent call last):
  File "C:\development\Machine-Learning\end-to-end-ml-project\src\ml_project\pipeline\stage_01_data_ingestion.py", line 27, in DataIngestionTrainingPipeline
    main()
TypeError: DataIngestionTrainingPipeline.main() missing 1 required positional argument: 'self'
[2024-02-23 20:04:49,247: INFO: stage_01_data_ingestion:  >>>>>> stage Data Ingestion started <<<<<<]
[2024-02-23 20:04:49,251: INFO: common:  yaml file: config\config.yaml loaded successfully]
[2024-02-23 20:04:49,255: INFO: common:  yaml file: params.yaml loaded successfully]
[2024-02-23 20:04:49,261: INFO: common:  yaml file: schema.yaml loaded successfully]
[2024-02-23 20:04:49,262: INFO: common:  created directory at: artifacts]
[2024-02-23 20:04:49,263: INFO: common:  created directory at: artifacts/data_ingestion]
[2024-02-23 20:04:50,983: INFO: data_ingestion:  artifacts/data_ingestion/bank.zip download! with following info: 
Server: nginx/1.25.3
Date: Fri, 23 Feb 2024 17:04:49 GMT
Transfer-Encoding: chunked
Connection: close

]
[2024-02-23 20:04:51,009: INFO: stage_01_data_ingestion:  >>>>>> stage Data Ingestion completed <<<<<<

x==========x]
[2024-02-23 20:04:51,009: INFO: main:  Starting Data Ingestion]
[2024-02-23 20:04:51,009: INFO: main:  Data Ingestion completed]
[2024-02-24 15:33:12,704: INFO: common:  yaml file: config\config.yaml loaded successfully]
[2024-02-24 15:33:12,714: INFO: common:  yaml file: params.yaml loaded successfully]
[2024-02-24 15:33:12,720: INFO: common:  yaml file: schema.yaml loaded successfully]
[2024-02-24 15:33:12,721: INFO: common:  created directory at: artifacts][2024-02-24 15:53:30,158: INFO: stage_01_data_ingestion:  >>>>>> stage Data Ingestion started <<<<<<]
[2024-02-24 15:53:30,159: INFO: common:  yaml file: config\config.yaml loaded successfully]
[2024-02-24 15:53:30,159: INFO: common:  yaml file: params.yaml loaded successfully]
[2024-02-24 15:53:30,159: INFO: common:  yaml file: schema.yaml loaded successfully]
[2024-02-24 15:53:30,159: INFO: common:  created directory at: artifacts]
[2024-02-24 15:53:30,159: INFO: common:  created directory at: artifacts/data_ingestion]
[2024-02-24 15:53:30,159: INFO: data_ingestion:  File already exists of size: ~ 565 KB]
[2024-02-24 15:53:30,188: INFO: stage_01_data_ingestion:  >>>>>> stage Data Ingestion completed <<<<<<

x==========x]
[2024-02-24 15:54:13,367: INFO: stage_01_data_ingestion:  >>>>>> stage Data Ingestion started <<<<<<]
[2024-02-24 15:54:13,367: INFO: common:  yaml file: config\config.yaml loaded successfully]
[2024-02-24 15:54:13,367: INFO: common:  yaml file: params.yaml loaded successfully]
[2024-02-24 15:54:13,367: INFO: common:  yaml file: schema.yaml loaded successfully]
[2024-02-24 15:54:13,367: INFO: common:  created directory at: artifacts]
[2024-02-24 15:54:13,367: INFO: common:  created directory at: artifacts/data_ingestion]
[2024-02-24 15:54:13,383: INFO: data_ingestion:  File already exists of size: ~ 565 KB]
[2024-02-24 15:54:13,383: INFO: stage_01_data_ingestion:  >>>>>> stage Data Ingestion completed <<<<<<

x==========x]
[2024-02-24 15:54:13,686: INFO: main:  Starting Data Ingestion]
[2024-02-24 15:54:13,686: INFO: main:  Data Ingestion completed]
[2024-02-24 15:54:13,686: INFO: main:  Starting Data Validation]
[2024-02-24 15:54:13,686: INFO: main:  Data Validation completed]
[2024-02-24 15:55:37,037: INFO: stage_01_data_ingestion:  >>>>>> stage Data Ingestion started <<<<<<]
[2024-02-24 15:55:37,038: INFO: common:  yaml file: config\config.yaml loaded successfully]
[2024-02-24 15:55:37,039: INFO: common:  yaml file: params.yaml loaded successfully]
[2024-02-24 15:55:37,040: INFO: common:  yaml file: schema.yaml loaded successfully]
[2024-02-24 15:55:37,040: INFO: common:  created directory at: artifacts]
[2024-02-24 15:55:37,040: INFO: common:  created directory at: artifacts/data_ingestion]
[2024-02-24 15:55:37,041: INFO: data_ingestion:  File already exists of size: ~ 565 KB]
[2024-02-24 15:55:37,055: INFO: stage_01_data_ingestion:  >>>>>> stage Data Ingestion completed <<<<<<

x==========x]
[2024-02-24 15:55:37,349: INFO: stage_02_data_validation:  >>>>>> stage Data Validation stage started <<<<<<]
[2024-02-24 15:55:37,349: ERROR: stage_02_data_validation:  DataValidationTrainingPipeline.main() missing 1 required positional argument: 'self']
Traceback (most recent call last):
  File "C:\development\Machine-Learning\end-to-end-ml-project\src\ml_project\pipeline\stage_02_data_validation.py", line 21, in DataValidationTrainingPipeline
    main()
TypeError: DataValidationTrainingPipeline.main() missing 1 required positional argument: 'self'
[2024-02-24 15:55:47,862: INFO: stage_01_data_ingestion:  >>>>>> stage Data Ingestion started <<<<<<]
[2024-02-24 15:55:47,862: INFO: common:  yaml file: config\config.yaml loaded successfully]
[2024-02-24 15:55:47,862: INFO: common:  yaml file: params.yaml loaded successfully]
[2024-02-24 15:55:47,862: INFO: common:  yaml file: schema.yaml loaded successfully]
[2024-02-24 15:55:47,862: INFO: common:  created directory at: artifacts]
[2024-02-24 15:55:47,862: INFO: common:  created directory at: artifacts/data_ingestion]
[2024-02-24 15:55:47,862: INFO: data_ingestion:  File already exists of size: ~ 565 KB]
[2024-02-24 15:55:47,882: INFO: stage_01_data_ingestion:  >>>>>> stage Data Ingestion completed <<<<<<

x==========x]
[2024-02-24 15:55:48,145: INFO: stage_02_data_validation:  >>>>>> stage Data Validation stage started <<<<<<]
[2024-02-24 15:55:48,161: ERROR: stage_02_data_validation:  DataValidationTrainingPipeline.main() missing 1 required positional argument: 'self']
Traceback (most recent call last):
  File "C:\development\Machine-Learning\end-to-end-ml-project\src\ml_project\pipeline\stage_02_data_validation.py", line 21, in DataValidationTrainingPipeline
    main()
TypeError: DataValidationTrainingPipeline.main() missing 1 required positional argument: 'self'
[2024-02-24 15:56:17,837: INFO: stage_01_data_ingestion:  >>>>>> stage Data Ingestion started <<<<<<]
[2024-02-24 15:56:17,853: INFO: common:  yaml file: config\config.yaml loaded successfully]
[2024-02-24 15:56:17,853: INFO: common:  yaml file: params.yaml loaded successfully]
[2024-02-24 15:56:17,853: INFO: common:  yaml file: schema.yaml loaded successfully]
[2024-02-24 15:56:17,853: INFO: common:  created directory at: artifacts]
[2024-02-24 15:56:17,853: INFO: common:  created directory at: artifacts/data_ingestion]
[2024-02-24 15:56:17,853: INFO: data_ingestion:  File already exists of size: ~ 565 KB]
[2024-02-24 15:56:17,875: INFO: stage_01_data_ingestion:  >>>>>> stage Data Ingestion completed <<<<<<

x==========x]
[2024-02-24 15:56:18,157: INFO: stage_02_data_validation:  >>>>>> stage Data Validation stage started <<<<<<]
[2024-02-24 15:56:18,157: INFO: common:  yaml file: config\config.yaml loaded successfully]
[2024-02-24 15:56:18,157: INFO: common:  yaml file: params.yaml loaded successfully]
[2024-02-24 15:56:18,157: INFO: common:  yaml file: schema.yaml loaded successfully]
[2024-02-24 15:56:18,157: INFO: common:  created directory at: artifacts]
[2024-02-24 15:56:18,157: INFO: common:  created directory at: artifacts/data_validation]
[2024-02-24 15:56:18,222: INFO: stage_02_data_validation:  >>>>>> stage Data Validation stage completed <<<<<<

x==========x]
[2024-02-24 15:56:18,222: INFO: main:  Starting Data Ingestion]
[2024-02-24 15:56:18,222: INFO: main:  Data Ingestion completed]
[2024-02-24 15:56:18,222: INFO: main:  Starting Data Validation]
[2024-02-24 15:56:18,222: INFO: main:  Data Validation completed]
[2024-02-24 15:57:24,268: INFO: stage_01_data_ingestion:  >>>>>> stage Data Ingestion started <<<<<<]
[2024-02-24 15:57:24,268: INFO: common:  yaml file: config\config.yaml loaded successfully]
[2024-02-24 15:57:24,268: INFO: common:  yaml file: params.yaml loaded successfully]
[2024-02-24 15:57:24,268: INFO: common:  yaml file: schema.yaml loaded successfully]
[2024-02-24 15:57:24,268: INFO: common:  created directory at: artifacts]
[2024-02-24 15:57:24,268: INFO: common:  created directory at: artifacts/data_ingestion]
[2024-02-24 15:57:24,268: INFO: data_ingestion:  File already exists of size: ~ 565 KB]
[2024-02-24 15:57:24,292: INFO: stage_01_data_ingestion:  >>>>>> stage Data Ingestion completed <<<<<<

x==========x]
[2024-02-24 15:57:24,574: INFO: stage_02_data_validation:  >>>>>> stage Data Validation stage started <<<<<<]
[2024-02-24 15:57:24,574: INFO: common:  yaml file: config\config.yaml loaded successfully]
[2024-02-24 15:57:24,574: INFO: common:  yaml file: params.yaml loaded successfully]
[2024-02-24 15:57:24,574: INFO: common:  yaml file: schema.yaml loaded successfully]
[2024-02-24 15:57:24,574: INFO: common:  created directory at: artifacts]
[2024-02-24 15:57:24,574: INFO: common:  created directory at: artifacts/data_validation]
[2024-02-24 15:57:24,678: INFO: stage_02_data_validation:  >>>>>> stage Data Validation stage completed <<<<<<

x==========x]
[2024-02-24 15:57:24,678: INFO: main:  Starting Data Ingestion]
[2024-02-24 15:57:24,678: INFO: main:  Data Ingestion completed]
[2024-02-24 15:57:24,679: INFO: main:  Starting Data Validation]
[2024-02-24 15:57:24,679: INFO: main:  Data Validation completed]
[2024-02-24 15:57:34,507: INFO: stage_01_data_ingestion:  >>>>>> stage Data Ingestion started <<<<<<]
[2024-02-24 15:57:34,507: INFO: common:  yaml file: config\config.yaml loaded successfully]
[2024-02-24 15:57:34,507: INFO: common:  yaml file: params.yaml loaded successfully]
[2024-02-24 15:57:34,507: INFO: common:  yaml file: schema.yaml loaded successfully]
[2024-02-24 15:57:34,507: INFO: common:  created directory at: artifacts]
[2024-02-24 15:57:34,507: INFO: common:  created directory at: artifacts/data_ingestion]
[2024-02-24 15:57:34,507: INFO: data_ingestion:  File already exists of size: ~ 565 KB]
[2024-02-24 15:57:34,528: INFO: stage_01_data_ingestion:  >>>>>> stage Data Ingestion completed <<<<<<

x==========x]
[2024-02-24 15:57:34,805: INFO: stage_02_data_validation:  >>>>>> stage Data Validation stage started <<<<<<]
[2024-02-24 15:57:34,805: INFO: common:  yaml file: config\config.yaml loaded successfully]
[2024-02-24 15:57:34,805: INFO: common:  yaml file: params.yaml loaded successfully]
[2024-02-24 15:57:34,805: INFO: common:  yaml file: schema.yaml loaded successfully]
[2024-02-24 15:57:34,805: INFO: common:  created directory at: artifacts]
[2024-02-24 15:57:34,805: INFO: common:  created directory at: artifacts/data_validation]
[2024-02-24 15:57:34,859: INFO: stage_02_data_validation:  >>>>>> stage Data Validation stage completed <<<<<<

x==========x]
[2024-02-24 15:57:34,859: INFO: main:  Starting Data Ingestion]
[2024-02-24 15:57:34,859: INFO: main:  Data Ingestion completed]
[2024-02-24 15:57:34,859: INFO: main:  Starting Data Validation]
[2024-02-24 15:57:34,859: INFO: main:  Data Validation completed]
[2024-02-24 15:57:43,076: INFO: stage_01_data_ingestion:  >>>>>> stage Data Ingestion started <<<<<<]
[2024-02-24 15:57:43,076: INFO: common:  yaml file: config\config.yaml loaded successfully]
[2024-02-24 15:57:43,091: INFO: common:  yaml file: params.yaml loaded successfully]
[2024-02-24 15:57:43,091: INFO: common:  yaml file: schema.yaml loaded successfully]
[2024-02-24 15:57:43,091: INFO: common:  created directory at: artifacts]
[2024-02-24 15:57:43,091: INFO: common:  created directory at: artifacts/data_ingestion]
[2024-02-24 15:57:43,091: INFO: data_ingestion:  File already exists of size: ~ 565 KB]
[2024-02-24 15:57:43,111: INFO: stage_01_data_ingestion:  >>>>>> stage Data Ingestion completed <<<<<<

x==========x]
[2024-02-24 15:57:43,377: INFO: stage_02_data_validation:  >>>>>> stage Data Validation stage started <<<<<<]
[2024-02-24 15:57:43,377: INFO: common:  yaml file: config\config.yaml loaded successfully]
[2024-02-24 15:57:43,377: INFO: common:  yaml file: params.yaml loaded successfully]
[2024-02-24 15:57:43,377: INFO: common:  yaml file: schema.yaml loaded successfully]
[2024-02-24 15:57:43,377: INFO: common:  created directory at: artifacts]
[2024-02-24 15:57:43,377: INFO: common:  created directory at: artifacts/data_validation]
[2024-02-24 15:57:43,444: INFO: stage_02_data_validation:  >>>>>> stage Data Validation stage completed <<<<<<

x==========x]
[2024-02-24 15:57:43,444: INFO: main:  Starting Data Ingestion]
[2024-02-24 15:57:43,444: INFO: main:  Data Ingestion completed]
[2024-02-24 15:57:43,444: INFO: main:  Starting Data Validation]
[2024-02-24 15:57:43,445: INFO: main:  Data Validation completed]
[2024-02-24 16:20:17,110: INFO: utils:  Note: NumExpr detected 12 cores but "NUMEXPR_MAX_THREADS" not set, so enforcing safe limit of 8.]
[2024-02-24 16:20:17,110: INFO: utils:  NumExpr defaulting to 8 threads.]
[2024-02-24 16:40:07,607: INFO: common:  yaml file: config\config.yaml loaded successfully]
[2024-02-24 16:40:07,607: INFO: common:  yaml file: params.yaml loaded successfully]
[2024-02-24 16:40:07,607: INFO: common:  yaml file: schema.yaml loaded successfully]
[2024-02-24 16:40:07,607: INFO: common:  created directory at: artifacts]
[2024-02-24 16:40:07,616: INFO: common:  created directory at: artifacts/data_transformation]
[2024-02-24 16:40:31,990: INFO: common:  yaml file: config\config.yaml loaded successfully]
[2024-02-24 16:40:31,992: INFO: common:  yaml file: params.yaml loaded successfully]
[2024-02-24 16:40:31,994: INFO: common:  yaml file: schema.yaml loaded successfully]
[2024-02-24 16:40:31,995: INFO: common:  created directory at: artifacts]
[2024-02-24 16:40:31,995: INFO: common:  created directory at: artifacts/data_transformation]
[2024-02-24 16:41:18,351: INFO: common:  yaml file: config\config.yaml loaded successfully]
[2024-02-24 16:41:18,353: INFO: common:  yaml file: params.yaml loaded successfully]
[2024-02-24 16:41:18,355: INFO: common:  yaml file: schema.yaml loaded successfully]
[2024-02-24 16:41:18,355: INFO: common:  created directory at: artifacts]
[2024-02-24 16:41:18,356: INFO: common:  created directory at: artifacts/data_transformation]
[2024-02-24 16:43:46,941: INFO: common:  yaml file: config\config.yaml loaded successfully]
[2024-02-24 16:43:46,943: INFO: common:  yaml file: params.yaml loaded successfully]
[2024-02-24 16:43:46,944: INFO: common:  yaml file: schema.yaml loaded successfully]
[2024-02-24 16:43:46,945: INFO: common:  created directory at: artifacts]
[2024-02-24 16:43:46,946: INFO: common:  created directory at: artifacts/data_transformation]
[2024-02-24 16:44:34,874: INFO: common:  yaml file: config\config.yaml loaded successfully]
[2024-02-24 16:44:34,876: INFO: common:  yaml file: params.yaml loaded successfully]
[2024-02-24 16:44:34,877: INFO: common:  yaml file: schema.yaml loaded successfully]
[2024-02-24 16:44:34,878: INFO: common:  created directory at: artifacts]
[2024-02-24 16:44:34,879: INFO: common:  created directory at: artifacts/data_transformation]
[2024-02-24 16:44:41,429: INFO: common:  yaml file: config\config.yaml loaded successfully]
[2024-02-24 16:44:41,430: INFO: common:  yaml file: params.yaml loaded successfully]
[2024-02-24 16:44:41,432: INFO: common:  yaml file: schema.yaml loaded successfully]
[2024-02-24 16:44:41,433: INFO: common:  created directory at: artifacts]
[2024-02-24 16:44:41,434: INFO: common:  created directory at: artifacts/data_transformation]
[2024-02-24 16:44:59,591: INFO: common:  yaml file: config\config.yaml loaded successfully]
[2024-02-24 16:44:59,591: INFO: common:  yaml file: params.yaml loaded successfully]
[2024-02-24 16:44:59,593: INFO: common:  yaml file: schema.yaml loaded successfully]
[2024-02-24 16:44:59,594: INFO: common:  created directory at: artifacts]
[2024-02-24 16:44:59,595: INFO: common:  created directory at: artifacts/data_transformation]
[2024-02-24 16:45:14,938: INFO: common:  yaml file: config\config.yaml loaded successfully]
[2024-02-24 16:45:14,938: INFO: common:  yaml file: params.yaml loaded successfully]
[2024-02-24 16:45:14,940: INFO: common:  yaml file: schema.yaml loaded successfully]
[2024-02-24 16:45:14,941: INFO: common:  created directory at: artifacts]
[2024-02-24 16:45:14,942: INFO: common:  created directory at: artifacts/data_transformation]
[2024-02-24 16:46:06,560: INFO: common:  yaml file: config\config.yaml loaded successfully]
[2024-02-24 16:46:06,562: INFO: common:  yaml file: params.yaml loaded successfully]
[2024-02-24 16:46:06,564: INFO: common:  yaml file: schema.yaml loaded successfully]
[2024-02-24 16:46:06,565: INFO: common:  created directory at: artifacts]
[2024-02-24 16:46:06,565: INFO: common:  created directory at: artifacts/data_transformation]
[2024-02-24 16:46:07,004: INFO: 1124011079:  Splited data into training and test sets]
[2024-02-24 16:46:07,019: INFO: 1124011079:  (36168, 15)]
[2024-02-24 16:46:07,019: INFO: 1124011079:  (36168,)]
[2024-02-24 16:48:42,754: INFO: common:  yaml file: config\config.yaml loaded successfully]
[2024-02-24 16:48:42,756: INFO: common:  yaml file: params.yaml loaded successfully]
[2024-02-24 16:48:42,756: INFO: common:  yaml file: schema.yaml loaded successfully]
[2024-02-24 16:48:42,756: INFO: common:  created directory at: artifacts]
[2024-02-24 16:48:42,756: INFO: common:  created directory at: artifacts/data_transformation]
[2024-02-24 16:48:43,181: INFO: 2471170003:  Splited data into training and test sets]
[2024-02-24 16:48:43,182: INFO: 2471170003:  (36168, 15)]
[2024-02-24 16:48:43,182: INFO: 2471170003:  (36168,)]
[2024-02-24 16:57:54,272: INFO: stage_01_data_ingestion:  >>>>>> stage Data Ingestion started <<<<<<]
[2024-02-24 16:57:54,272: INFO: common:  yaml file: config\config.yaml loaded successfully]
[2024-02-24 16:57:54,272: INFO: common:  yaml file: params.yaml loaded successfully]
[2024-02-24 16:57:54,272: INFO: common:  yaml file: schema.yaml loaded successfully]
[2024-02-24 16:57:54,280: INFO: common:  created directory at: artifacts]
[2024-02-24 16:57:54,280: INFO: common:  created directory at: artifacts/data_ingestion]
[2024-02-24 16:57:54,280: INFO: data_ingestion:  File already exists of size: ~ 565 KB]
[2024-02-24 16:57:54,292: INFO: stage_01_data_ingestion:  >>>>>> stage Data Ingestion completed <<<<<<

x==========x]
[2024-02-24 16:57:54,591: INFO: stage_02_data_validation:  >>>>>> stage Data Validation stage started <<<<<<]
[2024-02-24 16:57:54,591: INFO: common:  yaml file: config\config.yaml loaded successfully]
[2024-02-24 16:57:54,591: INFO: common:  yaml file: params.yaml loaded successfully]
[2024-02-24 16:57:54,591: INFO: common:  yaml file: schema.yaml loaded successfully]
[2024-02-24 16:57:54,591: INFO: common:  created directory at: artifacts]
[2024-02-24 16:57:54,591: INFO: common:  created directory at: artifacts/data_validation]
[2024-02-24 16:57:54,651: INFO: stage_02_data_validation:  >>>>>> stage Data Validation stage completed <<<<<<

x==========x]
[2024-02-24 16:57:57,636: INFO: stage_03_data_transformation:  >>>>>> stage Data Transformation stage started <<<<<<]
[2024-02-24 16:57:57,637: ERROR: stage_03_data_transformation:  DataTransformationTrainingPipeline.main() missing 1 required positional argument: 'self']
Traceback (most recent call last):
  File "C:\development\Machine-Learning\end-to-end-ml-project\src\ml_project\pipeline\stage_03_data_transformation.py", line 35, in DataTransformationTrainingPipeline
    main()
TypeError: DataTransformationTrainingPipeline.main() missing 1 required positional argument: 'self'
[2024-02-24 16:58:08,953: INFO: stage_01_data_ingestion:  >>>>>> stage Data Ingestion started <<<<<<]
[2024-02-24 16:58:08,953: INFO: common:  yaml file: config\config.yaml loaded successfully]
[2024-02-24 16:58:08,953: INFO: common:  yaml file: params.yaml loaded successfully]
[2024-02-24 16:58:08,953: INFO: common:  yaml file: schema.yaml loaded successfully]
[2024-02-24 16:58:08,953: INFO: common:  created directory at: artifacts]
[2024-02-24 16:58:08,953: INFO: common:  created directory at: artifacts/data_ingestion]
[2024-02-24 16:58:08,953: INFO: data_ingestion:  File already exists of size: ~ 565 KB]
[2024-02-24 16:58:08,976: INFO: stage_01_data_ingestion:  >>>>>> stage Data Ingestion completed <<<<<<

x==========x]
[2024-02-24 16:58:09,258: INFO: stage_02_data_validation:  >>>>>> stage Data Validation stage started <<<<<<]
[2024-02-24 16:58:09,258: INFO: common:  yaml file: config\config.yaml loaded successfully]
[2024-02-24 16:58:09,258: INFO: common:  yaml file: params.yaml loaded successfully]
[2024-02-24 16:58:09,258: INFO: common:  yaml file: schema.yaml loaded successfully]
[2024-02-24 16:58:09,258: INFO: common:  created directory at: artifacts]
[2024-02-24 16:58:09,258: INFO: common:  created directory at: artifacts/data_validation]
[2024-02-24 16:58:09,317: INFO: stage_02_data_validation:  >>>>>> stage Data Validation stage completed <<<<<<

x==========x]
[2024-02-24 16:58:09,801: INFO: stage_03_data_transformation:  >>>>>> stage Data Transformation stage started <<<<<<]
[2024-02-24 16:58:09,801: INFO: stage_03_data_transformation:  >>>>>> stage Data Transformation stage completed <<<<<<

x==========x]
[2024-02-24 16:58:09,801: INFO: main:  Starting Data Ingestion]
[2024-02-24 16:58:09,801: INFO: main:  Data Ingestion completed]
[2024-02-24 16:58:09,803: INFO: main:  Starting Data Validation]
[2024-02-24 16:58:09,803: INFO: main:  Data Validation completed]
[2024-02-24 16:58:09,803: INFO: main:  Starting Data Transformation]
[2024-02-24 16:58:09,803: INFO: main:  Data Transformation completed]
[2024-02-25 12:46:34,201: INFO: utils:  Note: NumExpr detected 12 cores but "NUMEXPR_MAX_THREADS" not set, so enforcing safe limit of 8.]
[2024-02-25 12:46:34,201: INFO: utils:  NumExpr defaulting to 8 threads.]
[2024-02-25 12:52:20,007: INFO: common:  yaml file: config\config.yaml loaded successfully]
[2024-02-25 12:52:20,008: INFO: common:  yaml file: params.yaml loaded successfully]
[2024-02-25 12:52:20,010: INFO: common:  yaml file: schema.yaml loaded successfully]
[2024-02-25 12:52:20,011: INFO: common:  created directory at: artifacts]
[2024-02-25 12:53:42,344: INFO: common:  yaml file: config\config.yaml loaded successfully]
[2024-02-25 12:53:42,346: INFO: common:  yaml file: params.yaml loaded successfully]
[2024-02-25 12:53:42,347: INFO: common:  yaml file: schema.yaml loaded successfully]
[2024-02-25 12:53:42,347: INFO: common:  created directory at: artifacts]
[2024-02-25 12:54:25,519: INFO: common:  yaml file: config\config.yaml loaded successfully]
[2024-02-25 12:54:25,524: INFO: common:  yaml file: params.yaml loaded successfully]
[2024-02-25 12:54:25,526: INFO: common:  yaml file: schema.yaml loaded successfully]
[2024-02-25 12:54:25,528: INFO: common:  created directory at: artifacts]
[2024-02-25 12:55:01,329: INFO: common:  yaml file: config\config.yaml loaded successfully]
[2024-02-25 12:55:01,330: INFO: common:  yaml file: params.yaml loaded successfully]
[2024-02-25 12:55:01,332: INFO: common:  yaml file: schema.yaml loaded successfully]
[2024-02-25 12:55:01,333: INFO: common:  created directory at: artifacts]
[2024-02-25 12:55:27,662: INFO: common:  yaml file: config\config.yaml loaded successfully]
[2024-02-25 12:55:27,664: INFO: common:  yaml file: params.yaml loaded successfully]
[2024-02-25 12:55:27,666: INFO: common:  yaml file: schema.yaml loaded successfully]
[2024-02-25 12:55:27,666: INFO: common:  created directory at: artifacts]
[2024-02-25 12:56:01,658: INFO: common:  yaml file: config\config.yaml loaded successfully]
[2024-02-25 12:56:01,659: INFO: common:  yaml file: params.yaml loaded successfully]
[2024-02-25 12:56:01,661: INFO: common:  yaml file: schema.yaml loaded successfully]
[2024-02-25 12:56:01,662: INFO: common:  created directory at: artifacts]
[2024-02-25 12:56:51,905: INFO: common:  yaml file: config\config.yaml loaded successfully]
[2024-02-25 12:56:51,907: INFO: common:  yaml file: params.yaml loaded successfully]
[2024-02-25 12:56:51,908: INFO: common:  yaml file: schema.yaml loaded successfully]
[2024-02-25 12:56:51,909: INFO: common:  created directory at: artifacts]
[2024-02-25 12:57:05,838: INFO: common:  yaml file: config\config.yaml loaded successfully]
[2024-02-25 12:57:05,839: INFO: common:  yaml file: params.yaml loaded successfully]
[2024-02-25 12:57:05,841: INFO: common:  yaml file: schema.yaml loaded successfully]
[2024-02-25 12:57:05,842: INFO: common:  created directory at: artifacts]
[2024-02-25 12:57:18,355: INFO: common:  yaml file: config\config.yaml loaded successfully]
[2024-02-25 12:57:18,357: INFO: common:  yaml file: params.yaml loaded successfully]
[2024-02-25 12:57:18,359: INFO: common:  yaml file: schema.yaml loaded successfully]
[2024-02-25 12:57:18,360: INFO: common:  created directory at: artifacts]
[2024-02-25 12:57:42,932: INFO: common:  yaml file: config\config.yaml loaded successfully]
[2024-02-25 12:57:42,933: INFO: common:  yaml file: params.yaml loaded successfully]
[2024-02-25 12:57:42,935: INFO: common:  yaml file: schema.yaml loaded successfully]
[2024-02-25 12:57:42,936: INFO: common:  created directory at: artifacts]
[2024-02-25 13:00:01,611: INFO: utils:  Note: NumExpr detected 12 cores but "NUMEXPR_MAX_THREADS" not set, so enforcing safe limit of 8.]
[2024-02-25 13:00:01,616: INFO: utils:  NumExpr defaulting to 8 threads.]
[2024-02-25 13:00:02,010: INFO: common:  yaml file: config\config.yaml loaded successfully]
[2024-02-25 13:00:02,013: INFO: common:  yaml file: params.yaml loaded successfully]
[2024-02-25 13:00:02,016: INFO: common:  yaml file: schema.yaml loaded successfully]
[2024-02-25 13:00:02,017: INFO: common:  created directory at: artifacts]
[2024-02-25 13:00:02,017: INFO: common:  created directory at: artifacts/data_transformation]
[2024-02-25 13:00:02,541: INFO: 3275149527:  Splited data into training and test sets]
[2024-02-25 13:00:02,542: INFO: 3275149527:  (36168, 15)]
[2024-02-25 13:00:02,542: INFO: 3275149527:  (36168,)]
[2024-02-25 13:00:40,087: INFO: common:  yaml file: config\config.yaml loaded successfully]
[2024-02-25 13:00:40,089: INFO: common:  yaml file: params.yaml loaded successfully]
[2024-02-25 13:00:40,090: INFO: common:  yaml file: schema.yaml loaded successfully]
[2024-02-25 13:00:40,091: INFO: common:  created directory at: artifacts]
[2024-02-25 13:00:40,092: INFO: common:  created directory at: artifacts/data_transformation]
[2024-02-25 13:00:40,553: INFO: 2861206094:  Splited data into training and test sets]
[2024-02-25 13:00:40,553: INFO: 2861206094:  (36168, 15)]
[2024-02-25 13:00:40,553: INFO: 2861206094:  (36168,)]
[2024-02-25 13:01:47,555: INFO: common:  yaml file: config\config.yaml loaded successfully]
[2024-02-25 13:01:47,556: INFO: common:  yaml file: params.yaml loaded successfully]
[2024-02-25 13:01:47,558: INFO: common:  yaml file: schema.yaml loaded successfully]
[2024-02-25 13:01:47,559: INFO: common:  created directory at: artifacts]
[2024-02-25 13:01:47,560: INFO: common:  created directory at: artifacts/data_transformation]
[2024-02-25 13:01:48,045: INFO: 2356081006:  Splited data into training and test sets]
[2024-02-25 13:01:48,045: INFO: 2356081006:  (36168, 31)]
[2024-02-25 13:01:48,045: INFO: 2356081006:  (36168,)]
[2024-02-25 13:02:13,556: INFO: common:  yaml file: config\config.yaml loaded successfully]
[2024-02-25 13:02:13,557: INFO: common:  yaml file: params.yaml loaded successfully]
[2024-02-25 13:02:13,559: INFO: common:  yaml file: schema.yaml loaded successfully]
[2024-02-25 13:02:13,560: INFO: common:  created directory at: artifacts]
[2024-02-25 13:02:13,561: INFO: common:  created directory at: artifacts/data_transformation]
[2024-02-25 13:02:14,051: INFO: 3312515250:  Splited data into training and test sets]
[2024-02-25 13:02:14,051: INFO: 3312515250:  (36168, 31)]
[2024-02-25 13:02:14,051: INFO: 3312515250:  (36168,)]
[2024-02-25 13:03:37,160: INFO: common:  yaml file: config\config.yaml loaded successfully]
[2024-02-25 13:03:37,161: INFO: common:  yaml file: params.yaml loaded successfully]
[2024-02-25 13:03:37,163: INFO: common:  yaml file: schema.yaml loaded successfully]
[2024-02-25 13:03:37,164: INFO: common:  created directory at: artifacts]
[2024-02-25 13:03:37,164: INFO: common:  created directory at: artifacts/data_transformation]
[2024-02-25 13:03:37,646: INFO: 3617880661:  Splited data into training and test sets]
[2024-02-25 13:03:37,646: INFO: 3617880661:  (36168, 31)]
[2024-02-25 13:03:37,646: INFO: 3617880661:  (36168,)]
[2024-02-25 13:03:51,081: INFO: common:  yaml file: config\config.yaml loaded successfully]
[2024-02-25 13:03:51,082: INFO: common:  yaml file: params.yaml loaded successfully]
[2024-02-25 13:03:51,083: INFO: common:  yaml file: schema.yaml loaded successfully]
[2024-02-25 13:03:51,084: INFO: common:  created directory at: artifacts]
[2024-02-25 13:03:51,087: INFO: common:  created directory at: artifacts/data_transformation]
[2024-02-25 13:03:51,549: INFO: 3617880661:  Splited data into training and test sets]
[2024-02-25 13:03:51,549: INFO: 3617880661:  (36168, 31)]
[2024-02-25 13:03:51,549: INFO: 3617880661:  (36168,)]
[2024-02-25 13:08:01,907: INFO: common:  yaml file: config\config.yaml loaded successfully]
[2024-02-25 13:08:01,909: INFO: common:  yaml file: params.yaml loaded successfully]
[2024-02-25 13:08:01,911: INFO: common:  yaml file: schema.yaml loaded successfully]
[2024-02-25 13:08:01,911: INFO: common:  created directory at: artifacts]
[2024-02-25 13:08:01,913: INFO: common:  created directory at: artifacts/data_transformation]
[2024-02-25 13:08:02,376: INFO: 2747767721:  Splited data into training and test sets]
[2024-02-25 13:08:02,377: INFO: 2747767721:  (36168, 31)]
[2024-02-25 13:08:02,377: INFO: 2747767721:  (36168,)]
[2024-02-25 13:09:47,647: INFO: common:  yaml file: config\config.yaml loaded successfully]
[2024-02-25 13:09:47,648: INFO: common:  yaml file: params.yaml loaded successfully]
[2024-02-25 13:09:47,650: INFO: common:  yaml file: schema.yaml loaded successfully]
[2024-02-25 13:09:47,651: INFO: common:  created directory at: artifacts]
[2024-02-25 13:09:47,651: INFO: common:  created directory at: artifacts/data_transformation]
[2024-02-25 13:09:48,123: INFO: 140505758:  Splited data into training and test sets]
[2024-02-25 13:09:48,123: INFO: 140505758:  (36168, 31)]
[2024-02-25 13:09:48,124: INFO: 140505758:  (36168,)]
[2024-02-25 13:10:34,114: INFO: common:  yaml file: config\config.yaml loaded successfully]
[2024-02-25 13:10:34,115: INFO: common:  yaml file: params.yaml loaded successfully]
[2024-02-25 13:10:34,117: INFO: common:  yaml file: schema.yaml loaded successfully]
[2024-02-25 13:10:34,118: INFO: common:  created directory at: artifacts]
[2024-02-25 13:10:34,119: INFO: common:  created directory at: artifacts/data_transformation]
[2024-02-25 13:10:34,583: INFO: 4120819649:  Splited data into training and test sets]
[2024-02-25 13:10:34,583: INFO: 4120819649:  (36168, 31)]
[2024-02-25 13:10:34,583: INFO: 4120819649:  (36168,)]
[2024-02-25 13:12:21,926: INFO: stage_01_data_ingestion:  >>>>>> stage Data Ingestion started <<<<<<]
[2024-02-25 13:12:21,926: INFO: common:  yaml file: config\config.yaml loaded successfully]
[2024-02-25 13:12:21,926: INFO: common:  yaml file: params.yaml loaded successfully]
[2024-02-25 13:12:21,926: INFO: common:  yaml file: schema.yaml loaded successfully]
[2024-02-25 13:12:21,926: INFO: common:  created directory at: artifacts]
[2024-02-25 13:12:21,926: INFO: common:  created directory at: artifacts/data_ingestion]
[2024-02-25 13:12:21,926: INFO: data_ingestion:  File already exists of size: ~ 565 KB]
[2024-02-25 13:12:21,971: INFO: stage_01_data_ingestion:  >>>>>> stage Data Ingestion completed <<<<<<

x==========x]
[2024-02-25 13:12:23,638: INFO: stage_02_data_validation:  >>>>>> stage Data Validation stage started <<<<<<]
[2024-02-25 13:12:23,638: INFO: common:  yaml file: config\config.yaml loaded successfully]
[2024-02-25 13:12:23,638: INFO: common:  yaml file: params.yaml loaded successfully]
[2024-02-25 13:12:23,638: INFO: common:  yaml file: schema.yaml loaded successfully]
[2024-02-25 13:12:23,638: INFO: common:  created directory at: artifacts]
[2024-02-25 13:12:23,638: INFO: common:  created directory at: artifacts/data_validation]
[2024-02-25 13:12:23,708: INFO: stage_02_data_validation:  >>>>>> stage Data Validation stage completed <<<<<<

x==========x]
[2024-02-25 13:12:27,303: INFO: stage_03_data_transformation:  >>>>>> stage Data Transformation stage started <<<<<<]
[2024-02-25 13:12:27,303: INFO: stage_03_data_transformation:  >>>>>> stage Data Transformation stage completed <<<<<<

x==========x]
[2024-02-25 13:12:27,303: INFO: main:  Starting Data Ingestion]
[2024-02-25 13:12:27,303: INFO: main:  Data Ingestion completed]
[2024-02-25 13:12:27,303: INFO: main:  Starting Data Validation]
[2024-02-25 13:12:27,303: INFO: main:  Data Validation completed]
[2024-02-25 13:12:27,303: INFO: main:  Starting Data Transformation]
[2024-02-25 13:12:27,303: INFO: main:  Data Transformation completed]
[2024-02-25 13:14:10,725: INFO: stage_01_data_ingestion:  >>>>>> stage Data Ingestion started <<<<<<]
[2024-02-25 13:14:10,725: INFO: common:  yaml file: config\config.yaml loaded successfully]
[2024-02-25 13:14:10,725: INFO: common:  yaml file: params.yaml loaded successfully]
[2024-02-25 13:14:10,725: INFO: common:  yaml file: schema.yaml loaded successfully]
[2024-02-25 13:14:10,725: INFO: common:  created directory at: artifacts]
[2024-02-25 13:14:10,725: INFO: common:  created directory at: artifacts/data_ingestion]
[2024-02-25 13:14:10,725: INFO: data_ingestion:  File already exists of size: ~ 565 KB]
[2024-02-25 13:14:10,755: INFO: stage_01_data_ingestion:  >>>>>> stage Data Ingestion completed <<<<<<

x==========x]
[2024-02-25 13:14:11,052: INFO: stage_02_data_validation:  >>>>>> stage Data Validation stage started <<<<<<]
[2024-02-25 13:14:11,052: INFO: common:  yaml file: config\config.yaml loaded successfully]
[2024-02-25 13:14:11,052: INFO: common:  yaml file: params.yaml loaded successfully]
[2024-02-25 13:14:11,059: INFO: common:  yaml file: schema.yaml loaded successfully]
[2024-02-25 13:14:11,059: INFO: common:  created directory at: artifacts]
[2024-02-25 13:14:11,059: INFO: common:  created directory at: artifacts/data_validation]
[2024-02-25 13:14:11,112: INFO: stage_02_data_validation:  >>>>>> stage Data Validation stage completed <<<<<<

x==========x]
[2024-02-25 13:14:11,566: INFO: stage_03_data_transformation:  >>>>>> stage Data Transformation stage started <<<<<<]
[2024-02-25 13:14:11,566: INFO: stage_03_data_transformation:  >>>>>> stage Data Transformation stage completed <<<<<<

x==========x]
[2024-02-25 13:14:11,566: INFO: main:  Starting Data Ingestion]
[2024-02-25 13:14:11,566: INFO: main:  Data Ingestion completed]
[2024-02-25 13:14:11,566: INFO: main:  Starting Data Validation]
[2024-02-25 13:14:11,566: INFO: main:  Data Validation completed]
[2024-02-25 13:14:11,566: INFO: main:  Starting Data Transformation]
[2024-02-25 13:14:11,566: INFO: main:  Data Transformation completed]
[2024-02-25 13:14:18,013: INFO: stage_01_data_ingestion:  >>>>>> stage Data Ingestion started <<<<<<]
[2024-02-25 13:14:18,013: INFO: common:  yaml file: config\config.yaml loaded successfully]
[2024-02-25 13:14:18,013: INFO: common:  yaml file: params.yaml loaded successfully]
[2024-02-25 13:14:18,013: INFO: common:  yaml file: schema.yaml loaded successfully]
[2024-02-25 13:14:18,013: INFO: common:  created directory at: artifacts]
[2024-02-25 13:14:18,013: INFO: common:  created directory at: artifacts/data_ingestion]
[2024-02-25 13:14:18,029: INFO: data_ingestion:  File already exists of size: ~ 565 KB]
[2024-02-25 13:14:18,047: INFO: stage_01_data_ingestion:  >>>>>> stage Data Ingestion completed <<<<<<

x==========x]
[2024-02-25 13:14:18,303: INFO: stage_02_data_validation:  >>>>>> stage Data Validation stage started <<<<<<]
[2024-02-25 13:14:18,303: INFO: common:  yaml file: config\config.yaml loaded successfully]
[2024-02-25 13:14:18,303: INFO: common:  yaml file: params.yaml loaded successfully]
[2024-02-25 13:14:18,303: INFO: common:  yaml file: schema.yaml loaded successfully]
[2024-02-25 13:14:18,303: INFO: common:  created directory at: artifacts]
[2024-02-25 13:14:18,303: INFO: common:  created directory at: artifacts/data_validation]
[2024-02-25 13:14:18,365: INFO: stage_02_data_validation:  >>>>>> stage Data Validation stage completed <<<<<<

x==========x]
[2024-02-25 13:14:18,788: INFO: stage_03_data_transformation:  >>>>>> stage Data Transformation stage started <<<<<<]
[2024-02-25 13:14:18,788: INFO: stage_03_data_transformation:  >>>>>> stage Data Transformation stage completed <<<<<<

x==========x]
[2024-02-25 13:14:18,788: INFO: main:  Starting Data Ingestion]
[2024-02-25 13:14:18,788: INFO: main:  Data Ingestion completed]
[2024-02-25 13:14:18,788: INFO: main:  Starting Data Validation]
[2024-02-25 13:14:18,788: INFO: main:  Data Validation completed]
[2024-02-25 13:14:18,788: INFO: main:  Starting Data Transformation]
[2024-02-25 13:14:18,788: INFO: main:  Data Transformation completed]
[2024-02-25 13:14:30,272: INFO: stage_01_data_ingestion:  >>>>>> stage Data Ingestion started <<<<<<]
[2024-02-25 13:14:30,272: INFO: common:  yaml file: config\config.yaml loaded successfully]
[2024-02-25 13:14:30,272: INFO: common:  yaml file: params.yaml loaded successfully]
[2024-02-25 13:14:30,272: INFO: common:  yaml file: schema.yaml loaded successfully]
[2024-02-25 13:14:30,272: INFO: common:  created directory at: artifacts]
[2024-02-25 13:14:30,272: INFO: common:  created directory at: artifacts/data_ingestion]
[2024-02-25 13:14:30,272: INFO: data_ingestion:  File already exists of size: ~ 565 KB]
[2024-02-25 13:14:30,296: INFO: stage_01_data_ingestion:  >>>>>> stage Data Ingestion completed <<<<<<

x==========x]
[2024-02-25 13:14:30,559: INFO: stage_02_data_validation:  >>>>>> stage Data Validation stage started <<<<<<]
[2024-02-25 13:14:30,559: INFO: common:  yaml file: config\config.yaml loaded successfully]
[2024-02-25 13:14:30,559: INFO: common:  yaml file: params.yaml loaded successfully]
[2024-02-25 13:14:30,559: INFO: common:  yaml file: schema.yaml loaded successfully]
[2024-02-25 13:14:30,559: INFO: common:  created directory at: artifacts]
[2024-02-25 13:14:30,559: INFO: common:  created directory at: artifacts/data_validation]
[2024-02-25 13:14:30,622: INFO: stage_02_data_validation:  >>>>>> stage Data Validation stage completed <<<<<<

x==========x]
[2024-02-25 13:14:31,041: INFO: stage_03_data_transformation:  >>>>>> stage Data Transformation stage started <<<<<<]
[2024-02-25 13:14:31,056: ERROR: stage_03_data_transformation:  DataTransformationTrainingPipeline.main() missing 1 required positional argument: 'self']
Traceback (most recent call last):
  File "C:\development\Machine-Learning\end-to-end-ml-project\src\ml_project\pipeline\stage_03_data_transformation.py", line 35, in DataTransformationTrainingPipeline
    main()
TypeError: DataTransformationTrainingPipeline.main() missing 1 required positional argument: 'self'
[2024-02-25 13:14:41,323: INFO: stage_01_data_ingestion:  >>>>>> stage Data Ingestion started <<<<<<]
[2024-02-25 13:14:41,323: INFO: common:  yaml file: config\config.yaml loaded successfully]
[2024-02-25 13:14:41,323: INFO: common:  yaml file: params.yaml loaded successfully]
[2024-02-25 13:14:41,323: INFO: common:  yaml file: schema.yaml loaded successfully]
[2024-02-25 13:14:41,323: INFO: common:  created directory at: artifacts]
[2024-02-25 13:14:41,323: INFO: common:  created directory at: artifacts/data_ingestion]
[2024-02-25 13:14:41,323: INFO: data_ingestion:  File already exists of size: ~ 565 KB]
[2024-02-25 13:14:41,352: INFO: stage_01_data_ingestion:  >>>>>> stage Data Ingestion completed <<<<<<

x==========x]
[2024-02-25 13:14:41,608: INFO: stage_02_data_validation:  >>>>>> stage Data Validation stage started <<<<<<]
[2024-02-25 13:14:41,623: INFO: common:  yaml file: config\config.yaml loaded successfully]
[2024-02-25 13:14:41,623: INFO: common:  yaml file: params.yaml loaded successfully]
[2024-02-25 13:14:41,623: INFO: common:  yaml file: schema.yaml loaded successfully]
[2024-02-25 13:14:41,623: INFO: common:  created directory at: artifacts]
[2024-02-25 13:14:41,623: INFO: common:  created directory at: artifacts/data_validation]
[2024-02-25 13:14:41,677: INFO: stage_02_data_validation:  >>>>>> stage Data Validation stage completed <<<<<<

x==========x]
[2024-02-25 13:14:42,113: INFO: stage_03_data_transformation:  >>>>>> stage Data Transformation stage started <<<<<<]
[2024-02-25 13:14:42,113: INFO: stage_03_data_transformation:  >>>>>> stage Data Transformation stage completed <<<<<<

x==========x]
[2024-02-25 13:14:42,113: INFO: main:  Starting Data Ingestion]
[2024-02-25 13:14:42,113: INFO: main:  Data Ingestion completed]
[2024-02-25 13:14:42,113: INFO: main:  Starting Data Validation]
[2024-02-25 13:14:42,113: INFO: main:  Data Validation completed]
[2024-02-25 13:14:42,113: INFO: main:  Starting Data Transformation]
[2024-02-25 13:14:42,113: INFO: main:  Data Transformation completed]
[2024-02-25 13:15:07,591: INFO: stage_01_data_ingestion:  >>>>>> stage Data Ingestion started <<<<<<]
[2024-02-25 13:15:07,591: INFO: common:  yaml file: config\config.yaml loaded successfully]
[2024-02-25 13:15:07,591: INFO: common:  yaml file: params.yaml loaded successfully]
[2024-02-25 13:15:07,591: INFO: common:  yaml file: schema.yaml loaded successfully]
[2024-02-25 13:15:07,591: INFO: common:  created directory at: artifacts]
[2024-02-25 13:15:07,591: INFO: common:  created directory at: artifacts/data_ingestion]
[2024-02-25 13:15:07,591: INFO: data_ingestion:  File already exists of size: ~ 565 KB]
[2024-02-25 13:15:07,613: INFO: stage_01_data_ingestion:  >>>>>> stage Data Ingestion completed <<<<<<

x==========x]
[2024-02-25 13:15:07,873: INFO: stage_02_data_validation:  >>>>>> stage Data Validation stage started <<<<<<]
[2024-02-25 13:15:07,873: INFO: common:  yaml file: config\config.yaml loaded successfully]
[2024-02-25 13:15:07,873: INFO: common:  yaml file: params.yaml loaded successfully]
[2024-02-25 13:15:07,873: INFO: common:  yaml file: schema.yaml loaded successfully]
[2024-02-25 13:15:07,873: INFO: common:  created directory at: artifacts]
[2024-02-25 13:15:07,873: INFO: common:  created directory at: artifacts/data_validation]
[2024-02-25 13:15:07,933: INFO: stage_02_data_validation:  >>>>>> stage Data Validation stage completed <<<<<<

x==========x]
[2024-02-25 13:15:08,368: INFO: stage_03_data_transformation:  >>>>>> stage Data Transformation stage started <<<<<<]
[2024-02-25 13:15:08,368: INFO: stage_03_data_transformation:  >>>>>> stage Data Transformation stage completed <<<<<<

x==========x]
[2024-02-25 13:15:08,368: INFO: main:  Starting Data Ingestion]
[2024-02-25 13:15:08,368: INFO: main:  Data Ingestion completed]
[2024-02-25 13:15:08,368: INFO: main:  Starting Data Validation]
[2024-02-25 13:15:08,368: INFO: main:  Data Validation completed]
[2024-02-25 13:15:08,368: INFO: main:  Starting Data Transformation]
[2024-02-25 13:15:08,368: INFO: main:  Data Transformation completed]
[2024-02-25 13:15:13,840: INFO: stage_01_data_ingestion:  >>>>>> stage Data Ingestion started <<<<<<]
[2024-02-25 13:15:13,840: INFO: common:  yaml file: config\config.yaml loaded successfully]
[2024-02-25 13:15:13,840: INFO: common:  yaml file: params.yaml loaded successfully]
[2024-02-25 13:15:13,840: INFO: common:  yaml file: schema.yaml loaded successfully]
[2024-02-25 13:15:13,840: INFO: common:  created directory at: artifacts]
[2024-02-25 13:15:13,840: INFO: common:  created directory at: artifacts/data_ingestion]
[2024-02-25 13:15:13,840: INFO: data_ingestion:  File already exists of size: ~ 565 KB]
[2024-02-25 13:15:13,862: INFO: stage_01_data_ingestion:  >>>>>> stage Data Ingestion completed <<<<<<

x==========x]
[2024-02-25 13:15:14,122: INFO: stage_02_data_validation:  >>>>>> stage Data Validation stage started <<<<<<]
[2024-02-25 13:15:14,122: INFO: common:  yaml file: config\config.yaml loaded successfully]
[2024-02-25 13:15:14,122: INFO: common:  yaml file: params.yaml loaded successfully]
[2024-02-25 13:15:14,122: INFO: common:  yaml file: schema.yaml loaded successfully]
[2024-02-25 13:15:14,122: INFO: common:  created directory at: artifacts]
[2024-02-25 13:15:14,122: INFO: common:  created directory at: artifacts/data_validation]
[2024-02-25 13:15:14,182: INFO: stage_02_data_validation:  >>>>>> stage Data Validation stage completed <<<<<<

x==========x]
[2024-02-25 13:15:14,621: INFO: stage_03_data_transformation:  >>>>>> stage Data Transformation stage started <<<<<<]
[2024-02-25 13:15:14,621: INFO: stage_03_data_transformation:  >>>>>> stage Data Transformation stage completed <<<<<<

x==========x]
[2024-02-25 13:15:14,621: INFO: main:  Starting Data Ingestion]
[2024-02-25 13:15:14,621: INFO: main:  Data Ingestion completed]
[2024-02-25 13:15:14,621: INFO: main:  Starting Data Validation]
[2024-02-25 13:15:14,621: INFO: main:  Data Validation completed]
[2024-02-25 13:15:14,621: INFO: main:  Starting Data Transformation]
[2024-02-25 13:15:14,621: INFO: main:  Data Transformation completed]
[2024-02-25 13:15:20,606: INFO: stage_01_data_ingestion:  >>>>>> stage Data Ingestion started <<<<<<]
[2024-02-25 13:15:20,622: INFO: common:  yaml file: config\config.yaml loaded successfully]
[2024-02-25 13:15:20,622: INFO: common:  yaml file: params.yaml loaded successfully]
[2024-02-25 13:15:20,622: INFO: common:  yaml file: schema.yaml loaded successfully]
[2024-02-25 13:15:20,622: INFO: common:  created directory at: artifacts]
[2024-02-25 13:15:20,622: INFO: common:  created directory at: artifacts/data_ingestion]
[2024-02-25 13:15:20,622: INFO: data_ingestion:  File already exists of size: ~ 565 KB]
[2024-02-25 13:15:20,642: INFO: stage_01_data_ingestion:  >>>>>> stage Data Ingestion completed <<<<<<

x==========x]
[2024-02-25 13:15:20,914: INFO: stage_02_data_validation:  >>>>>> stage Data Validation stage started <<<<<<]
[2024-02-25 13:15:20,914: INFO: common:  yaml file: config\config.yaml loaded successfully]
[2024-02-25 13:15:20,914: INFO: common:  yaml file: params.yaml loaded successfully]
[2024-02-25 13:15:20,914: INFO: common:  yaml file: schema.yaml loaded successfully]
[2024-02-25 13:15:20,914: INFO: common:  created directory at: artifacts]
[2024-02-25 13:15:20,914: INFO: common:  created directory at: artifacts/data_validation]
[2024-02-25 13:15:20,971: INFO: stage_02_data_validation:  >>>>>> stage Data Validation stage completed <<<<<<

x==========x]
[2024-02-25 13:15:21,404: INFO: stage_03_data_transformation:  >>>>>> stage Data Transformation stage started <<<<<<]
[2024-02-25 13:15:21,404: INFO: stage_03_data_transformation:  >>>>>> stage Data Transformation stage completed <<<<<<

x==========x]
[2024-02-25 13:15:21,404: INFO: main:  Starting Data Ingestion]
[2024-02-25 13:15:21,404: INFO: main:  Data Ingestion completed]
[2024-02-25 13:15:21,404: INFO: main:  Starting Data Validation]
[2024-02-25 13:15:21,404: INFO: main:  Data Validation completed]
[2024-02-25 13:15:21,404: INFO: main:  Starting Data Transformation]
[2024-02-25 13:15:21,404: INFO: main:  Data Transformation completed]
[2024-02-25 13:16:03,149: INFO: stage_01_data_ingestion:  >>>>>> stage Data Ingestion started <<<<<<]
[2024-02-25 13:16:03,149: INFO: common:  yaml file: config\config.yaml loaded successfully]
[2024-02-25 13:16:03,149: INFO: common:  yaml file: params.yaml loaded successfully]
[2024-02-25 13:16:03,149: INFO: common:  yaml file: schema.yaml loaded successfully]
[2024-02-25 13:16:03,149: INFO: common:  created directory at: artifacts]
[2024-02-25 13:16:03,149: INFO: common:  created directory at: artifacts/data_ingestion]
[2024-02-25 13:16:03,149: INFO: data_ingestion:  File already exists of size: ~ 565 KB]
[2024-02-25 13:16:03,180: INFO: stage_01_data_ingestion:  >>>>>> stage Data Ingestion completed <<<<<<

x==========x]
[2024-02-25 13:16:03,456: INFO: stage_02_data_validation:  >>>>>> stage Data Validation stage started <<<<<<]
[2024-02-25 13:16:03,456: INFO: common:  yaml file: config\config.yaml loaded successfully]
[2024-02-25 13:16:03,456: INFO: common:  yaml file: params.yaml loaded successfully]
[2024-02-25 13:16:03,456: INFO: common:  yaml file: schema.yaml loaded successfully]
[2024-02-25 13:16:03,456: INFO: common:  created directory at: artifacts]
[2024-02-25 13:16:03,472: INFO: common:  created directory at: artifacts/data_validation]
[2024-02-25 13:16:03,522: INFO: stage_02_data_validation:  >>>>>> stage Data Validation stage completed <<<<<<

x==========x]
[2024-02-25 13:16:03,966: INFO: stage_03_data_transformation:  >>>>>> stage Data Transformation stage started <<<<<<]
[2024-02-25 13:16:03,982: INFO: stage_03_data_transformation:  >>>>>> stage Data Transformation stage completed <<<<<<

x==========x]
[2024-02-25 13:16:03,982: INFO: main:  Starting Data Ingestion]
[2024-02-25 13:16:03,982: INFO: main:  Data Ingestion completed]
[2024-02-25 13:16:03,982: INFO: main:  Starting Data Validation]
[2024-02-25 13:16:03,982: INFO: main:  Data Validation completed]
[2024-02-25 13:16:03,982: INFO: main:  Starting Data Transformation]
[2024-02-25 13:16:03,982: INFO: main:  Data Transformation completed]
[2024-02-25 13:16:09,014: INFO: stage_01_data_ingestion:  >>>>>> stage Data Ingestion started <<<<<<]
[2024-02-25 13:16:09,030: INFO: common:  yaml file: config\config.yaml loaded successfully]
[2024-02-25 13:16:09,030: INFO: common:  yaml file: params.yaml loaded successfully]
[2024-02-25 13:16:09,030: INFO: common:  yaml file: schema.yaml loaded successfully]
[2024-02-25 13:16:09,030: INFO: common:  created directory at: artifacts]
[2024-02-25 13:16:09,030: INFO: common:  created directory at: artifacts/data_ingestion]
[2024-02-25 13:16:09,030: INFO: data_ingestion:  File already exists of size: ~ 565 KB]
[2024-02-25 13:16:09,049: INFO: stage_01_data_ingestion:  >>>>>> stage Data Ingestion completed <<<<<<

x==========x]
[2024-02-25 13:16:09,306: INFO: stage_02_data_validation:  >>>>>> stage Data Validation stage started <<<<<<]
[2024-02-25 13:16:09,306: INFO: common:  yaml file: config\config.yaml loaded successfully]
[2024-02-25 13:16:09,306: INFO: common:  yaml file: params.yaml loaded successfully]
[2024-02-25 13:16:09,306: INFO: common:  yaml file: schema.yaml loaded successfully]
[2024-02-25 13:16:09,306: INFO: common:  created directory at: artifacts]
[2024-02-25 13:16:09,306: INFO: common:  created directory at: artifacts/data_validation]
[2024-02-25 13:16:09,372: INFO: stage_02_data_validation:  >>>>>> stage Data Validation stage completed <<<<<<

x==========x]
[2024-02-25 13:16:09,804: INFO: stage_03_data_transformation:  >>>>>> stage Data Transformation stage started <<<<<<]
[2024-02-25 13:16:09,804: INFO: stage_03_data_transformation:  >>>>>> stage Data Transformation stage completed <<<<<<

x==========x]
[2024-02-25 13:16:09,804: INFO: main:  Starting Data Ingestion]
[2024-02-25 13:16:09,804: INFO: main:  Data Ingestion completed]
[2024-02-25 13:16:09,804: INFO: main:  Starting Data Validation]
[2024-02-25 13:16:09,804: INFO: main:  Data Validation completed]
[2024-02-25 13:16:09,804: INFO: main:  Starting Data Transformation]
[2024-02-25 13:16:09,804: INFO: main:  Data Transformation completed]
[2024-02-25 13:16:32,625: INFO: stage_01_data_ingestion:  >>>>>> stage Data Ingestion started <<<<<<]
[2024-02-25 13:16:32,625: INFO: common:  yaml file: config\config.yaml loaded successfully]
[2024-02-25 13:16:32,631: INFO: common:  yaml file: params.yaml loaded successfully]
[2024-02-25 13:16:32,631: INFO: common:  yaml file: schema.yaml loaded successfully]
[2024-02-25 13:16:32,631: INFO: common:  created directory at: artifacts]
[2024-02-25 13:16:32,631: INFO: common:  created directory at: artifacts/data_ingestion]
[2024-02-25 13:16:32,631: INFO: data_ingestion:  File already exists of size: ~ 565 KB]
[2024-02-25 13:16:32,648: INFO: stage_01_data_ingestion:  >>>>>> stage Data Ingestion completed <<<<<<

x==========x]
[2024-02-25 13:16:32,914: INFO: stage_02_data_validation:  >>>>>> stage Data Validation stage started <<<<<<]
[2024-02-25 13:16:32,914: INFO: common:  yaml file: config\config.yaml loaded successfully]
[2024-02-25 13:16:32,914: INFO: common:  yaml file: params.yaml loaded successfully]
[2024-02-25 13:16:32,914: INFO: common:  yaml file: schema.yaml loaded successfully]
[2024-02-25 13:16:32,914: INFO: common:  created directory at: artifacts]
[2024-02-25 13:16:32,914: INFO: common:  created directory at: artifacts/data_validation]
[2024-02-25 13:16:32,979: INFO: stage_02_data_validation:  >>>>>> stage Data Validation stage completed <<<<<<

x==========x]
[2024-02-25 13:16:33,457: INFO: stage_03_data_transformation:  >>>>>> stage Data Transformation stage started <<<<<<]
[2024-02-25 13:16:33,473: INFO: stage_03_data_transformation:  >>>>>> stage Data Transformation stage completed <<<<<<

x==========x]
[2024-02-25 13:16:33,473: INFO: main:  Starting Data Ingestion]
[2024-02-25 13:16:33,473: INFO: main:  Data Ingestion completed]
[2024-02-25 13:16:33,473: INFO: main:  Starting Data Validation]
[2024-02-25 13:16:33,473: INFO: main:  Data Validation completed]
[2024-02-25 13:16:33,473: INFO: main:  Starting Data Transformation]
[2024-02-25 13:16:33,473: INFO: main:  Data Transformation completed]
[2024-02-25 13:16:37,595: INFO: stage_01_data_ingestion:  >>>>>> stage Data Ingestion started <<<<<<]
[2024-02-25 13:16:37,611: INFO: common:  yaml file: config\config.yaml loaded successfully]
[2024-02-25 13:16:37,611: INFO: common:  yaml file: params.yaml loaded successfully]
[2024-02-25 13:16:37,611: INFO: common:  yaml file: schema.yaml loaded successfully]
[2024-02-25 13:16:37,611: INFO: common:  created directory at: artifacts]
[2024-02-25 13:16:37,611: INFO: common:  created directory at: artifacts/data_ingestion]
[2024-02-25 13:16:37,611: INFO: data_ingestion:  File already exists of size: ~ 565 KB]
[2024-02-25 13:16:37,628: INFO: stage_01_data_ingestion:  >>>>>> stage Data Ingestion completed <<<<<<

x==========x]
[2024-02-25 13:16:37,942: INFO: stage_02_data_validation:  >>>>>> stage Data Validation stage started <<<<<<]
[2024-02-25 13:16:37,942: INFO: common:  yaml file: config\config.yaml loaded successfully]
[2024-02-25 13:16:37,942: INFO: common:  yaml file: params.yaml loaded successfully]
[2024-02-25 13:16:37,942: INFO: common:  yaml file: schema.yaml loaded successfully]
[2024-02-25 13:16:37,942: INFO: common:  created directory at: artifacts]
[2024-02-25 13:16:37,942: INFO: common:  created directory at: artifacts/data_validation]
[2024-02-25 13:16:38,011: INFO: stage_02_data_validation:  >>>>>> stage Data Validation stage completed <<<<<<

x==========x]
[2024-02-25 13:16:38,436: INFO: stage_03_data_transformation:  >>>>>> stage Data Transformation stage started <<<<<<]
[2024-02-25 13:16:38,436: INFO: stage_03_data_transformation:  >>>>>> stage Data Transformation stage completed <<<<<<

x==========x]
[2024-02-25 13:16:38,436: INFO: main:  Starting Data Ingestion]
[2024-02-25 13:16:38,436: INFO: main:  Data Ingestion completed]
[2024-02-25 13:16:38,436: INFO: main:  Starting Data Validation]
[2024-02-25 13:16:38,436: INFO: main:  Data Validation completed]
[2024-02-25 13:16:38,436: INFO: main:  Starting Data Transformation]
[2024-02-25 13:16:38,436: INFO: main:  Data Transformation completed]
[2024-02-25 13:16:53,380: INFO: stage_01_data_ingestion:  >>>>>> stage Data Ingestion started <<<<<<]
[2024-02-25 13:16:53,380: INFO: common:  yaml file: config\config.yaml loaded successfully]
[2024-02-25 13:16:53,380: INFO: common:  yaml file: params.yaml loaded successfully]
[2024-02-25 13:16:53,380: INFO: common:  yaml file: schema.yaml loaded successfully]
[2024-02-25 13:16:53,380: INFO: common:  created directory at: artifacts]
[2024-02-25 13:16:53,380: INFO: common:  created directory at: artifacts/data_ingestion]
[2024-02-25 13:16:53,380: INFO: data_ingestion:  File already exists of size: ~ 565 KB]
[2024-02-25 13:16:53,410: INFO: stage_01_data_ingestion:  >>>>>> stage Data Ingestion completed <<<<<<

x==========x]
[2024-02-25 13:16:53,686: INFO: stage_02_data_validation:  >>>>>> stage Data Validation stage started <<<<<<]
[2024-02-25 13:16:53,686: INFO: common:  yaml file: config\config.yaml loaded successfully]
[2024-02-25 13:16:53,686: INFO: common:  yaml file: params.yaml loaded successfully]
[2024-02-25 13:16:53,686: INFO: common:  yaml file: schema.yaml loaded successfully]
[2024-02-25 13:16:53,686: INFO: common:  created directory at: artifacts]
[2024-02-25 13:16:53,686: INFO: common:  created directory at: artifacts/data_validation]
[2024-02-25 13:16:53,743: INFO: stage_02_data_validation:  >>>>>> stage Data Validation stage completed <<<<<<

x==========x]
[2024-02-25 13:16:54,166: INFO: stage_03_data_transformation:  >>>>>> stage Data Transformation stage started <<<<<<]
[2024-02-25 13:16:54,166: INFO: stage_03_data_transformation:  >>>>>> stage Data Transformation stage completed <<<<<<

x==========x]
[2024-02-25 13:16:54,166: INFO: main:  Starting Data Ingestion]
[2024-02-25 13:16:54,166: INFO: main:  Data Ingestion completed]
[2024-02-25 13:16:54,166: INFO: main:  Starting Data Validation]
[2024-02-25 13:16:54,166: INFO: main:  Data Validation completed]
[2024-02-25 13:16:54,166: INFO: main:  Starting Data Transformation]
[2024-02-25 13:16:54,166: INFO: main:  Data Transformation completed]
[2024-02-25 13:17:31,752: INFO: stage_01_data_ingestion:  >>>>>> stage Data Ingestion started <<<<<<]
[2024-02-25 13:17:31,752: INFO: common:  yaml file: config\config.yaml loaded successfully]
[2024-02-25 13:17:31,752: INFO: common:  yaml file: params.yaml loaded successfully]
[2024-02-25 13:17:31,752: INFO: common:  yaml file: schema.yaml loaded successfully]
[2024-02-25 13:17:31,752: INFO: common:  created directory at: artifacts]
[2024-02-25 13:17:31,752: INFO: common:  created directory at: artifacts/data_ingestion]
[2024-02-25 13:17:31,767: INFO: data_ingestion:  File already exists of size: ~ 565 KB]
[2024-02-25 13:17:31,784: INFO: stage_01_data_ingestion:  >>>>>> stage Data Ingestion completed <<<<<<

x==========x]
[2024-02-25 13:17:32,043: INFO: stage_02_data_validation:  >>>>>> stage Data Validation stage started <<<<<<]
[2024-02-25 13:17:32,043: INFO: common:  yaml file: config\config.yaml loaded successfully]
[2024-02-25 13:17:32,043: INFO: common:  yaml file: params.yaml loaded successfully]
[2024-02-25 13:17:32,043: INFO: common:  yaml file: schema.yaml loaded successfully]
[2024-02-25 13:17:32,043: INFO: common:  created directory at: artifacts]
[2024-02-25 13:17:32,043: INFO: common:  created directory at: artifacts/data_validation]
[2024-02-25 13:17:32,104: INFO: stage_02_data_validation:  >>>>>> stage Data Validation stage completed <<<<<<

x==========x]
[2024-02-25 13:17:32,560: INFO: stage_03_data_transformation:  >>>>>> stage Data Transformation stage started <<<<<<]
[2024-02-25 13:17:32,561: INFO: stage_03_data_transformation:  >>>>>> stage Data Transformation stage completed <<<<<<

x==========x]
[2024-02-25 13:17:32,561: INFO: main:  Starting Data Ingestion]
[2024-02-25 13:17:32,562: INFO: main:  Data Ingestion completed]
[2024-02-25 13:17:32,562: INFO: main:  Starting Data Validation]
[2024-02-25 13:17:32,562: INFO: main:  Data Validation completed]
[2024-02-25 13:17:32,562: INFO: main:  Starting Data Transformation]
[2024-02-25 13:17:32,562: INFO: main:  Data Transformation completed]
[2024-02-25 13:17:45,557: INFO: stage_01_data_ingestion:  >>>>>> stage Data Ingestion started <<<<<<]
[2024-02-25 13:17:45,557: INFO: common:  yaml file: config\config.yaml loaded successfully]
[2024-02-25 13:17:45,572: INFO: common:  yaml file: params.yaml loaded successfully]
[2024-02-25 13:17:45,572: INFO: common:  yaml file: schema.yaml loaded successfully]
[2024-02-25 13:17:45,572: INFO: common:  created directory at: artifacts]
[2024-02-25 13:17:45,572: INFO: common:  created directory at: artifacts/data_ingestion]
[2024-02-25 13:17:45,572: INFO: data_ingestion:  File already exists of size: ~ 565 KB]
[2024-02-25 13:17:45,590: INFO: stage_01_data_ingestion:  >>>>>> stage Data Ingestion completed <<<<<<

x==========x]
[2024-02-25 13:17:45,846: INFO: stage_02_data_validation:  >>>>>> stage Data Validation stage started <<<<<<]
[2024-02-25 13:17:45,846: INFO: common:  yaml file: config\config.yaml loaded successfully]
[2024-02-25 13:17:45,846: INFO: common:  yaml file: params.yaml loaded successfully]
[2024-02-25 13:17:45,846: INFO: common:  yaml file: schema.yaml loaded successfully]
[2024-02-25 13:17:45,846: INFO: common:  created directory at: artifacts]
[2024-02-25 13:17:45,846: INFO: common:  created directory at: artifacts/data_validation]
[2024-02-25 13:17:45,907: INFO: stage_02_data_validation:  >>>>>> stage Data Validation stage completed <<<<<<

x==========x]
[2024-02-25 13:17:46,322: INFO: stage_03_data_transformation:  >>>>>> stage Data Transformation stage started <<<<<<]
[2024-02-25 13:17:46,322: INFO: stage_03_data_transformation:  >>>>>> stage Data Transformation stage completed <<<<<<

x==========x]
[2024-02-25 13:17:46,322: INFO: main:  Starting Data Ingestion]
[2024-02-25 13:17:46,322: INFO: main:  Data Ingestion completed]
[2024-02-25 13:17:46,322: INFO: main:  Starting Data Validation]
[2024-02-25 13:17:46,322: INFO: main:  Data Validation completed]
[2024-02-25 13:17:46,322: INFO: main:  Starting Data Transformation]
[2024-02-25 13:17:46,322: INFO: main:  Data Transformation completed]
[2024-02-25 13:18:32,916: INFO: stage_01_data_ingestion:  >>>>>> stage Data Ingestion started <<<<<<]
[2024-02-25 13:18:32,916: INFO: common:  yaml file: config\config.yaml loaded successfully]
[2024-02-25 13:18:32,916: INFO: common:  yaml file: params.yaml loaded successfully]
[2024-02-25 13:18:32,916: INFO: common:  yaml file: schema.yaml loaded successfully]
[2024-02-25 13:18:32,916: INFO: common:  created directory at: artifacts]
[2024-02-25 13:18:32,916: INFO: common:  created directory at: artifacts/data_ingestion]
[2024-02-25 13:18:32,916: INFO: data_ingestion:  File already exists of size: ~ 565 KB]
[2024-02-25 13:18:32,938: INFO: stage_01_data_ingestion:  >>>>>> stage Data Ingestion completed <<<<<<

x==========x]
[2024-02-25 13:18:33,200: INFO: stage_02_data_validation:  >>>>>> stage Data Validation stage started <<<<<<]
[2024-02-25 13:18:33,200: INFO: common:  yaml file: config\config.yaml loaded successfully]
[2024-02-25 13:18:33,200: INFO: common:  yaml file: params.yaml loaded successfully]
[2024-02-25 13:18:33,200: INFO: common:  yaml file: schema.yaml loaded successfully]
[2024-02-25 13:18:33,200: INFO: common:  created directory at: artifacts]
[2024-02-25 13:18:33,200: INFO: common:  created directory at: artifacts/data_validation]
[2024-02-25 13:18:33,268: INFO: stage_02_data_validation:  >>>>>> stage Data Validation stage completed <<<<<<

x==========x]
[2024-02-25 13:18:33,704: INFO: stage_03_data_transformation:  >>>>>> stage Data Transformation stage started <<<<<<]
[2024-02-25 13:18:33,704: INFO: stage_03_data_transformation:  >>>>>> stage Data Transformation stage completed <<<<<<

x==========x]
[2024-02-25 13:18:33,704: INFO: main:  Starting Data Ingestion]
[2024-02-25 13:18:33,704: INFO: main:  Data Ingestion completed]
[2024-02-25 13:18:33,704: INFO: main:  Starting Data Validation]
[2024-02-25 13:18:33,704: INFO: main:  Data Validation completed]
[2024-02-25 13:18:33,704: INFO: main:  Starting Data Transformati111111on]
[2024-02-25 13:18:33,704: INFO: main:  Data Transformati111111on completed]
[2024-02-25 13:19:54,868: INFO: stage_01_data_ingestion:  >>>>>> stage Data Ingestion started <<<<<<]
[2024-02-25 13:19:54,868: INFO: common:  yaml file: config\config.yaml loaded successfully]
[2024-02-25 13:19:54,868: INFO: common:  yaml file: params.yaml loaded successfully]
[2024-02-25 13:19:54,868: INFO: common:  yaml file: schema.yaml loaded successfully]
[2024-02-25 13:19:54,868: INFO: common:  created directory at: artifacts]
[2024-02-25 13:19:54,868: INFO: common:  created directory at: artifacts/data_ingestion]
[2024-02-25 13:19:54,868: INFO: data_ingestion:  File already exists of size: ~ 565 KB]
[2024-02-25 13:19:54,894: INFO: stage_01_data_ingestion:  >>>>>> stage Data Ingestion completed <<<<<<

x==========x]
[2024-02-25 13:19:55,181: INFO: stage_02_data_validation:  >>>>>> stage Data Validation stage started <<<<<<]
[2024-02-25 13:19:55,181: INFO: common:  yaml file: config\config.yaml loaded successfully]
[2024-02-25 13:19:55,181: INFO: common:  yaml file: params.yaml loaded successfully]
[2024-02-25 13:19:55,181: INFO: common:  yaml file: schema.yaml loaded successfully]
[2024-02-25 13:19:55,181: INFO: common:  created directory at: artifacts]
[2024-02-25 13:19:55,181: INFO: common:  created directory at: artifacts/data_validation]
[2024-02-25 13:19:55,238: INFO: stage_02_data_validation:  >>>>>> stage Data Validation stage completed <<<<<<

x==========x]
[2024-02-25 13:19:55,723: INFO: stage_03_data_transformation:  >>>>>> stage Data Transformation stage started <<<<<<]
[2024-02-25 13:19:55,723: INFO: stage_03_data_transformation:  >>>>>> stage Data Transformation stage completed <<<<<<

x==========x]
[2024-02-25 13:19:55,723: INFO: main:  Starting Data Ingestion]
[2024-02-25 13:19:55,723: INFO: main:  Data Ingestion completed]
[2024-02-25 13:19:55,723: INFO: main:  Starting Data Validation]
[2024-02-25 13:19:55,723: INFO: main:  Data Validation completed]
[2024-02-25 13:19:55,723: INFO: main:  Starting Data Transformation]
[2024-02-25 13:19:55,723: INFO: main:  Data Transformation completed]
[2024-02-25 13:20:56,723: INFO: stage_01_data_ingestion:  >>>>>> stage Data Ingestion started <<<<<<]
[2024-02-25 13:20:56,723: INFO: common:  yaml file: config\config.yaml loaded successfully]
[2024-02-25 13:20:56,739: INFO: common:  yaml file: params.yaml loaded successfully]
[2024-02-25 13:20:56,739: INFO: common:  yaml file: schema.yaml loaded successfully]
[2024-02-25 13:20:56,739: INFO: common:  created directory at: artifacts]
[2024-02-25 13:20:56,739: INFO: common:  created directory at: artifacts/data_ingestion]
[2024-02-25 13:20:56,739: INFO: data_ingestion:  File already exists of size: ~ 565 KB]
[2024-02-25 13:20:56,758: INFO: stage_01_data_ingestion:  >>>>>> stage Data Ingestion completed <<<<<<

x==========x]
[2024-02-25 13:20:57,013: INFO: stage_02_data_validation:  >>>>>> stage Data Validation stage started <<<<<<]
[2024-02-25 13:20:57,013: INFO: common:  yaml file: config\config.yaml loaded successfully]
[2024-02-25 13:20:57,013: INFO: common:  yaml file: params.yaml loaded successfully]
[2024-02-25 13:20:57,013: INFO: common:  yaml file: schema.yaml loaded successfully]
[2024-02-25 13:20:57,013: INFO: common:  created directory at: artifacts]
[2024-02-25 13:20:57,013: INFO: common:  created directory at: artifacts/data_validation]
[2024-02-25 13:20:57,075: INFO: stage_02_data_validation:  >>>>>> stage Data Validation stage completed <<<<<<

x==========x]
[2024-02-25 13:20:57,554: INFO: stage_03_data_transformation:  >>>>>> stage Data Transformation stage started <<<<<<]
[2024-02-25 13:20:57,554: INFO: stage_03_data_transformation:  >>>>>> stage Data Transformation stage completed <<<<<<

x==========x]
[2024-02-25 13:20:57,554: INFO: main:  Starting Data Ingestion]
[2024-02-25 13:20:57,554: INFO: main:  Data Ingestion completed]
[2024-02-25 13:20:57,554: INFO: main:  Starting Data Validation]
[2024-02-25 13:20:57,554: INFO: main:  Data Validation completed]
[2024-02-25 13:20:57,554: INFO: main:  Starting Data Transformation]
[2024-02-25 13:20:57,554: INFO: main:  Data Transformation completed]
[2024-02-25 13:22:40,641: INFO: stage_01_data_ingestion:  >>>>>> stage Data Ingestion started <<<<<<]
[2024-02-25 13:22:40,643: INFO: common:  yaml file: config\config.yaml loaded successfully]
[2024-02-25 13:22:40,643: INFO: common:  yaml file: params.yaml loaded successfully]
[2024-02-25 13:22:40,645: INFO: common:  yaml file: schema.yaml loaded successfully]
[2024-02-25 13:22:40,645: INFO: common:  created directory at: artifacts]
[2024-02-25 13:22:40,645: INFO: common:  created directory at: artifacts/data_ingestion]
[2024-02-25 13:22:40,646: INFO: data_ingestion:  File already exists of size: ~ 565 KB]
[2024-02-25 13:22:40,661: INFO: stage_01_data_ingestion:  >>>>>> stage Data Ingestion completed <<<<<<

x==========x]
[2024-02-25 13:22:40,947: INFO: stage_02_data_validation:  >>>>>> stage Data Validation stage started <<<<<<]
[2024-02-25 13:22:40,949: INFO: common:  yaml file: config\config.yaml loaded successfully]
[2024-02-25 13:22:40,950: INFO: common:  yaml file: params.yaml loaded successfully]
[2024-02-25 13:22:40,951: INFO: common:  yaml file: schema.yaml loaded successfully]
[2024-02-25 13:22:40,951: INFO: common:  created directory at: artifacts]
[2024-02-25 13:22:40,952: INFO: common:  created directory at: artifacts/data_validation]
[2024-02-25 13:22:41,004: INFO: stage_02_data_validation:  >>>>>> stage Data Validation stage completed <<<<<<

x==========x]
[2024-02-25 13:22:41,448: INFO: stage_03_data_transformation:  >>>>>> stage Data Transformation stage started <<<<<<]
[2024-02-25 13:22:41,448: INFO: common:  yaml file: config\config.yaml loaded successfully]
[2024-02-25 13:22:41,448: INFO: common:  yaml file: params.yaml loaded successfully]
[2024-02-25 13:22:41,448: INFO: common:  yaml file: schema.yaml loaded successfully]
[2024-02-25 13:22:41,448: INFO: common:  created directory at: artifacts]
[2024-02-25 13:22:41,448: INFO: common:  created directory at: artifacts/data_transformation]
[2024-02-25 13:22:41,516: INFO: stage_03_data_transformation:  >>>>>> stage Data Transformation stage completed <<<<<<

x==========x]
[2024-02-25 13:22:41,517: INFO: main:  Starting Data Ingestion]
[2024-02-25 13:22:41,517: INFO: main:  Data Ingestion completed]
[2024-02-25 13:22:41,517: INFO: main:  Starting Data Validation]
[2024-02-25 13:22:41,518: INFO: main:  Data Validation completed]
[2024-02-25 13:22:41,518: INFO: main:  Starting Data Transformation]
[2024-02-25 13:22:41,518: INFO: main:  Data Transformation completed]
[2024-02-25 13:23:24,191: INFO: stage_01_data_ingestion:  >>>>>> stage Data Ingestion started <<<<<<]
[2024-02-25 13:23:24,191: INFO: common:  yaml file: config\config.yaml loaded successfully]
[2024-02-25 13:23:24,191: INFO: common:  yaml file: params.yaml loaded successfully]
[2024-02-25 13:23:24,191: INFO: common:  yaml file: schema.yaml loaded successfully]
[2024-02-25 13:23:24,191: INFO: common:  created directory at: artifacts]
[2024-02-25 13:23:24,191: INFO: common:  created directory at: artifacts/data_ingestion]
[2024-02-25 13:23:24,191: INFO: data_ingestion:  File already exists of size: ~ 565 KB]
[2024-02-25 13:23:24,218: INFO: stage_01_data_ingestion:  >>>>>> stage Data Ingestion completed <<<<<<

x==========x]
[2024-02-25 13:23:24,486: INFO: stage_02_data_validation:  >>>>>> stage Data Validation stage started <<<<<<]
[2024-02-25 13:23:24,486: INFO: common:  yaml file: config\config.yaml loaded successfully]
[2024-02-25 13:23:24,486: INFO: common:  yaml file: params.yaml loaded successfully]
[2024-02-25 13:23:24,486: INFO: common:  yaml file: schema.yaml loaded successfully]
[2024-02-25 13:23:24,486: INFO: common:  created directory at: artifacts]
[2024-02-25 13:23:24,486: INFO: common:  created directory at: artifacts/data_validation]
[2024-02-25 13:23:24,552: INFO: stage_02_data_validation:  >>>>>> stage Data Validation stage completed <<<<<<

x==========x]
[2024-02-25 13:23:24,986: INFO: stage_03_data_transformation:  >>>>>> stage Data Transformation stage started <<<<<<]
[2024-02-25 13:23:24,993: INFO: common:  yaml file: config\config.yaml loaded successfully]
[2024-02-25 13:23:24,993: INFO: common:  yaml file: params.yaml loaded successfully]
[2024-02-25 13:23:24,993: INFO: common:  yaml file: schema.yaml loaded successfully]
[2024-02-25 13:23:24,993: INFO: common:  created directory at: artifacts]
[2024-02-25 13:23:24,993: INFO: common:  created directory at: artifacts/data_transformation]
[2024-02-25 13:23:25,387: INFO: data_transformation:  Splited data into training and test sets]
[2024-02-25 13:23:25,387: INFO: data_transformation:  (36168, 15)]
[2024-02-25 13:23:25,387: INFO: data_transformation:  (36168,)]
[2024-02-25 13:23:25,826: INFO: stage_03_data_transformation:  >>>>>> stage Data Transformation stage completed <<<<<<

x==========x]
[2024-02-25 13:23:25,826: INFO: main:  Starting Data Ingestion]
[2024-02-25 13:23:25,826: INFO: main:  Data Ingestion completed]
[2024-02-25 13:23:25,826: INFO: main:  Starting Data Validation]
[2024-02-25 13:23:25,826: INFO: main:  Data Validation completed]
[2024-02-25 13:23:25,826: INFO: main:  Starting Data Transformation]
[2024-02-25 13:23:25,826: INFO: main:  Data Transformation completed]
[2024-02-25 13:25:45,302: INFO: stage_01_data_ingestion:  >>>>>> stage Data Ingestion started <<<<<<]
[2024-02-25 13:25:45,302: INFO: common:  yaml file: config\config.yaml loaded successfully]
[2024-02-25 13:25:45,302: INFO: common:  yaml file: params.yaml loaded successfully]
[2024-02-25 13:25:45,302: INFO: common:  yaml file: schema.yaml loaded successfully]
[2024-02-25 13:25:45,302: INFO: common:  created directory at: artifacts]
[2024-02-25 13:25:45,302: INFO: common:  created directory at: artifacts/data_ingestion]
[2024-02-25 13:25:45,302: INFO: data_ingestion:  File already exists of size: ~ 565 KB]
[2024-02-25 13:25:45,336: INFO: stage_01_data_ingestion:  >>>>>> stage Data Ingestion completed <<<<<<

x==========x]
[2024-02-25 13:25:45,622: INFO: stage_02_data_validation:  >>>>>> stage Data Validation stage started <<<<<<]
[2024-02-25 13:25:45,622: INFO: common:  yaml file: config\config.yaml loaded successfully]
[2024-02-25 13:25:45,622: INFO: common:  yaml file: params.yaml loaded successfully]
[2024-02-25 13:25:45,622: INFO: common:  yaml file: schema.yaml loaded successfully]
[2024-02-25 13:25:45,622: INFO: common:  created directory at: artifacts]
[2024-02-25 13:25:45,622: INFO: common:  created directory at: artifacts/data_validation]
[2024-02-25 13:25:45,673: INFO: stage_02_data_validation:  >>>>>> stage Data Validation stage completed <<<<<<

x==========x]
[2024-02-25 13:25:46,119: INFO: stage_03_data_transformation:  >>>>>> stage Data Transformation stage started <<<<<<]
[2024-02-25 13:25:46,119: INFO: common:  yaml file: config\config.yaml loaded successfully]
[2024-02-25 13:25:46,119: INFO: common:  yaml file: params.yaml loaded successfully]
[2024-02-25 13:25:46,119: INFO: common:  yaml file: schema.yaml loaded successfully]
[2024-02-25 13:25:46,119: INFO: common:  created directory at: artifacts]
[2024-02-25 13:25:46,119: INFO: common:  created directory at: artifacts/data_transformation]
[2024-02-25 13:25:46,455: INFO: data_transformation:  Splited data into training and test sets]
[2024-02-25 13:25:46,469: INFO: data_transformation:  (36168, 31)]
[2024-02-25 13:25:46,469: INFO: data_transformation:  (36168,)]
[2024-02-25 13:25:46,789: INFO: stage_03_data_transformation:  >>>>>> stage Data Transformation stage completed <<<<<<

x==========x]
[2024-02-25 13:25:46,789: INFO: main:  Starting Data Ingestion]
[2024-02-25 13:25:46,789: INFO: main:  Data Ingestion completed]
[2024-02-25 13:25:46,789: INFO: main:  Starting Data Validation]
[2024-02-25 13:25:46,789: INFO: main:  Data Validation completed]
[2024-02-25 13:25:46,789: INFO: main:  Starting Data Transformation]
[2024-02-25 13:25:46,789: INFO: main:  Data Transformation completed]
[2024-02-25 13:32:15,224: INFO: utils:  Note: NumExpr detected 12 cores but "NUMEXPR_MAX_THREADS" not set, so enforcing safe limit of 8.]
[2024-02-25 13:32:15,224: INFO: utils:  NumExpr defaulting to 8 threads.]
[2024-02-25 13:32:16,197: INFO: common:  yaml file: config\config.yaml loaded successfully]
[2024-02-25 13:32:16,198: INFO: common:  yaml file: params.yaml loaded successfully]
[2024-02-25 13:32:16,200: INFO: common:  yaml file: schema.yaml loaded successfully]
[2024-02-25 13:32:16,200: INFO: common:  created directory at: artifacts]
[2024-02-25 13:32:16,332: INFO: common:  yaml file: config\config.yaml loaded successfully]
[2024-02-25 13:32:16,332: INFO: common:  yaml file: params.yaml loaded successfully]
[2024-02-25 13:32:16,336: INFO: common:  yaml file: schema.yaml loaded successfully]
[2024-02-25 13:32:16,337: INFO: common:  created directory at: artifacts]
[2024-02-25 13:35:03,317: INFO: common:  yaml file: config\config.yaml loaded successfully]
[2024-02-25 13:35:03,318: INFO: common:  yaml file: params.yaml loaded successfully]
[2024-02-25 13:35:03,320: INFO: common:  yaml file: schema.yaml loaded successfully]
[2024-02-25 13:35:03,321: INFO: common:  created directory at: artifacts]
[2024-02-25 13:35:18,347: INFO: common:  yaml file: config\config.yaml loaded successfully]
[2024-02-25 13:35:18,348: INFO: common:  yaml file: params.yaml loaded successfully]
[2024-02-25 13:35:18,350: INFO: common:  yaml file: schema.yaml loaded successfully]
[2024-02-25 13:35:18,350: INFO: common:  created directory at: artifacts]
[2024-02-25 13:35:34,895: INFO: common:  yaml file: config\config.yaml loaded successfully]
[2024-02-25 13:35:34,897: INFO: common:  yaml file: params.yaml loaded successfully]
[2024-02-25 13:35:34,899: INFO: common:  yaml file: schema.yaml loaded successfully]
[2024-02-25 13:35:34,900: INFO: common:  created directory at: artifacts]
[2024-02-25 13:37:57,847: INFO: common:  yaml file: config\config.yaml loaded successfully]
[2024-02-25 13:37:57,849: INFO: common:  yaml file: params.yaml loaded successfully]
[2024-02-25 13:37:57,851: INFO: common:  yaml file: schema.yaml loaded successfully]
[2024-02-25 13:37:57,852: INFO: common:  created directory at: artifacts]
[2024-02-25 13:54:03,383: INFO: common:  yaml file: config\config.yaml loaded successfully]
[2024-02-25 13:54:03,385: INFO: common:  yaml file: params.yaml loaded successfully]
[2024-02-25 13:54:03,387: INFO: common:  yaml file: schema.yaml loaded successfully]
[2024-02-25 13:54:03,387: INFO: common:  created directory at: artifacts]
[2024-02-25 13:55:29,595: INFO: common:  yaml file: config\config.yaml loaded successfully]
[2024-02-25 13:55:29,597: INFO: common:  yaml file: params.yaml loaded successfully]
[2024-02-25 13:55:29,599: INFO: common:  yaml file: schema.yaml loaded successfully]
[2024-02-25 13:55:29,600: INFO: common:  created directory at: artifacts]
[2024-02-25 13:56:45,127: INFO: common:  yaml file: config\config.yaml loaded successfully]
[2024-02-25 13:56:45,128: INFO: common:  yaml file: params.yaml loaded successfully]
[2024-02-25 13:56:45,130: INFO: common:  yaml file: schema.yaml loaded successfully]
[2024-02-25 13:56:45,131: INFO: common:  created directory at: artifacts/model_training]
[2024-02-25 14:05:35,914: INFO: stage_01_data_ingestion:  >>>>>> stage Data Ingestion started <<<<<<]
[2024-02-25 14:05:35,914: INFO: common:  yaml file: config\config.yaml loaded successfully]
[2024-02-25 14:05:35,914: INFO: common:  yaml file: params.yaml loaded successfully]
[2024-02-25 14:05:35,914: INFO: common:  yaml file: schema.yaml loaded successfully]
[2024-02-25 14:05:35,914: INFO: common:  created directory at: artifacts/model_training]
[2024-02-25 14:05:35,914: ERROR: stage_01_data_ingestion:  'ConfigurationManager' object has no attribute 'get_data_ingestion_config']
Traceback (most recent call last):
  File "C:\development\Machine-Learning\end-to-end-ml-project\src\ml_project\pipeline\stage_01_data_ingestion.py", line 25, in DataIngestionTrainingPipeline
    main()
  File "C:\development\Machine-Learning\end-to-end-ml-project\src\ml_project\pipeline\stage_01_data_ingestion.py", line 17, in main
    data_ingestion_config = config.get_data_ingestion_config()
                            ^^^^^^^^^^^^^^^^^^^^^^^^^^^^^^^^
AttributeError: 'ConfigurationManager' object has no attribute 'get_data_ingestion_config'
[2024-02-25 14:06:10,375: INFO: stage_01_data_ingestion:  >>>>>> stage Data Ingestion started <<<<<<]
[2024-02-25 14:06:10,375: INFO: common:  yaml file: config\config.yaml loaded successfully]
[2024-02-25 14:06:10,375: INFO: common:  yaml file: params.yaml loaded successfully]
[2024-02-25 14:06:10,375: INFO: common:  yaml file: schema.yaml loaded successfully]
[2024-02-25 14:06:10,375: INFO: common:  created directory at: artifacts/model_training]
[2024-02-25 14:06:10,375: ERROR: stage_01_data_ingestion:  'ConfigurationManager' object has no attribute 'get_data_ingestion_config']
Traceback (most recent call last):
  File "C:\development\Machine-Learning\end-to-end-ml-project\src\ml_project\pipeline\stage_01_data_ingestion.py", line 25, in DataIngestionTrainingPipeline
    main()
  File "C:\development\Machine-Learning\end-to-end-ml-project\src\ml_project\pipeline\stage_01_data_ingestion.py", line 17, in main
    data_ingestion_config = config.get_data_ingestion_config()
                            ^^^^^^^^^^^^^^^^^^^^^^^^^^^^^^^^
AttributeError: 'ConfigurationManager' object has no attribute 'get_data_ingestion_config'
[2024-02-25 14:07:53,109: INFO: stage_01_data_ingestion:  >>>>>> stage Data Ingestion started <<<<<<]
[2024-02-25 14:07:53,109: INFO: common:  yaml file: config\config.yaml loaded successfully]
[2024-02-25 14:07:53,109: INFO: common:  yaml file: params.yaml loaded successfully]
[2024-02-25 14:07:53,109: INFO: common:  yaml file: schema.yaml loaded successfully]
[2024-02-25 14:07:53,109: INFO: common:  created directory at: artifacts/model_training]
[2024-02-25 14:07:53,109: INFO: common:  created directory at: artifacts/data_ingestion]
[2024-02-25 14:07:53,109: INFO: data_ingestion:  File already exists of size: ~ 565 KB]
[2024-02-25 14:07:53,132: INFO: stage_01_data_ingestion:  >>>>>> stage Data Ingestion completed <<<<<<

x==========x]
[2024-02-25 14:07:53,397: INFO: stage_02_data_validation:  >>>>>> stage Data Validation stage started <<<<<<]
[2024-02-25 14:07:53,397: INFO: common:  yaml file: config\config.yaml loaded successfully]
[2024-02-25 14:07:53,397: INFO: common:  yaml file: params.yaml loaded successfully]
[2024-02-25 14:07:53,411: INFO: common:  yaml file: schema.yaml loaded successfully]
[2024-02-25 14:07:53,411: INFO: common:  created directory at: artifacts/model_training]
[2024-02-25 14:07:53,411: INFO: common:  created directory at: artifacts/data_validation]
[2024-02-25 14:07:53,458: INFO: stage_02_data_validation:  >>>>>> stage Data Validation stage completed <<<<<<

x==========x]
[2024-02-25 14:07:53,908: INFO: stage_03_data_transformation:  >>>>>> stage Data Transformation stage started <<<<<<]
[2024-02-25 14:07:53,908: INFO: common:  yaml file: config\config.yaml loaded successfully]
[2024-02-25 14:07:53,908: INFO: common:  yaml file: params.yaml loaded successfully]
[2024-02-25 14:07:53,908: INFO: common:  yaml file: schema.yaml loaded successfully]
[2024-02-25 14:07:53,908: INFO: common:  created directory at: artifacts/model_training]
[2024-02-25 14:07:53,908: INFO: common:  created directory at: artifacts/data_transformation]
[2024-02-25 14:07:54,322: INFO: data_transformation:  Splited data into training and test sets]
[2024-02-25 14:07:54,322: INFO: data_transformation:  (36168, 31)]
[2024-02-25 14:07:54,322: INFO: data_transformation:  (36168,)]
[2024-02-25 14:07:54,671: INFO: stage_03_data_transformation:  >>>>>> stage Data Transformation stage completed <<<<<<

x==========x]
[2024-02-25 14:09:44,920: INFO: stage_01_data_ingestion:  >>>>>> stage Data Ingestion started <<<<<<]
[2024-02-25 14:09:44,935: INFO: common:  yaml file: config\config.yaml loaded successfully]
[2024-02-25 14:09:44,935: INFO: common:  yaml file: params.yaml loaded successfully]
[2024-02-25 14:09:44,935: INFO: common:  yaml file: schema.yaml loaded successfully]
[2024-02-25 14:09:44,935: INFO: common:  created directory at: artifacts/model_training]
[2024-02-25 14:09:44,935: INFO: common:  created directory at: artifacts/data_ingestion]
[2024-02-25 14:09:44,935: INFO: data_ingestion:  File already exists of size: ~ 565 KB]
[2024-02-25 14:09:44,956: INFO: stage_01_data_ingestion:  >>>>>> stage Data Ingestion completed <<<<<<

x==========x]
[2024-02-25 14:09:45,254: INFO: stage_02_data_validation:  >>>>>> stage Data Validation stage started <<<<<<]
[2024-02-25 14:09:45,254: INFO: common:  yaml file: config\config.yaml loaded successfully]
[2024-02-25 14:09:45,254: INFO: common:  yaml file: params.yaml loaded successfully]
[2024-02-25 14:09:45,270: INFO: common:  yaml file: schema.yaml loaded successfully]
[2024-02-25 14:09:45,270: INFO: common:  created directory at: artifacts/model_training]
[2024-02-25 14:09:45,270: INFO: common:  created directory at: artifacts/data_validation]
[2024-02-25 14:09:45,327: INFO: stage_02_data_validation:  >>>>>> stage Data Validation stage completed <<<<<<

x==========x]
[2024-02-25 14:09:45,789: INFO: stage_03_data_transformation:  >>>>>> stage Data Transformation stage started <<<<<<]
[2024-02-25 14:09:45,805: INFO: common:  yaml file: config\config.yaml loaded successfully]
[2024-02-25 14:09:45,805: INFO: common:  yaml file: params.yaml loaded successfully]
[2024-02-25 14:09:45,805: INFO: common:  yaml file: schema.yaml loaded successfully]
[2024-02-25 14:09:45,805: INFO: common:  created directory at: artifacts/model_training]
[2024-02-25 14:09:45,805: INFO: common:  created directory at: artifacts/data_transformation]
[2024-02-25 14:09:46,163: INFO: data_transformation:  Splited data into training and test sets]
[2024-02-25 14:09:46,163: INFO: data_transformation:  (36168, 31)]
[2024-02-25 14:09:46,163: INFO: data_transformation:  (36168,)]
[2024-02-25 14:09:46,485: INFO: stage_03_data_transformation:  >>>>>> stage Data Transformation stage completed <<<<<<

x==========x]
[2024-02-25 14:10:08,880: INFO: stage_01_data_ingestion:  >>>>>> stage Data Ingestion started <<<<<<]
[2024-02-25 14:10:08,880: INFO: common:  yaml file: config\config.yaml loaded successfully]
[2024-02-25 14:10:08,880: INFO: common:  yaml file: params.yaml loaded successfully]
[2024-02-25 14:10:08,880: INFO: common:  yaml file: schema.yaml loaded successfully]
[2024-02-25 14:10:08,880: INFO: common:  created directory at: artifacts/model_training]
[2024-02-25 14:10:08,880: INFO: common:  created directory at: artifacts/data_ingestion]
[2024-02-25 14:10:08,880: INFO: data_ingestion:  File already exists of size: ~ 565 KB]
[2024-02-25 14:10:08,905: INFO: stage_01_data_ingestion:  >>>>>> stage Data Ingestion completed <<<<<<

x==========x]
[2024-02-25 14:10:09,161: INFO: stage_02_data_validation:  >>>>>> stage Data Validation stage started <<<<<<]
[2024-02-25 14:10:09,161: INFO: common:  yaml file: config\config.yaml loaded successfully]
[2024-02-25 14:10:09,161: INFO: common:  yaml file: params.yaml loaded successfully]
[2024-02-25 14:10:09,161: INFO: common:  yaml file: schema.yaml loaded successfully]
[2024-02-25 14:10:09,161: INFO: common:  created directory at: artifacts/model_training]
[2024-02-25 14:10:09,161: INFO: common:  created directory at: artifacts/data_validation]
[2024-02-25 14:10:09,221: INFO: stage_02_data_validation:  >>>>>> stage Data Validation stage completed <<<<<<

x==========x]
[2024-02-25 14:10:09,665: INFO: stage_03_data_transformation:  >>>>>> stage Data Transformation stage started <<<<<<]
[2024-02-25 14:10:09,665: INFO: common:  yaml file: config\config.yaml loaded successfully]
[2024-02-25 14:10:09,665: INFO: common:  yaml file: params.yaml loaded successfully]
[2024-02-25 14:10:09,665: INFO: common:  yaml file: schema.yaml loaded successfully]
[2024-02-25 14:10:09,665: INFO: common:  created directory at: artifacts/model_training]
[2024-02-25 14:10:09,665: INFO: common:  created directory at: artifacts/data_transformation]
[2024-02-25 14:10:10,023: INFO: data_transformation:  Splited data into training and test sets]
[2024-02-25 14:10:10,023: INFO: data_transformation:  (36168, 31)]
[2024-02-25 14:10:10,023: INFO: data_transformation:  (36168,)]
[2024-02-25 14:10:10,343: INFO: stage_03_data_transformation:  >>>>>> stage Data Transformation stage completed <<<<<<

x==========x]
[2024-02-25 14:10:54,205: INFO: stage_01_data_ingestion:  >>>>>> stage Data Ingestion started <<<<<<]
[2024-02-25 14:10:54,207: INFO: common:  yaml file: config\config.yaml loaded successfully]
[2024-02-25 14:10:54,208: INFO: common:  yaml file: params.yaml loaded successfully]
[2024-02-25 14:10:54,209: INFO: common:  yaml file: schema.yaml loaded successfully]
[2024-02-25 14:10:54,209: INFO: common:  created directory at: artifacts/model_training]
[2024-02-25 14:10:54,209: INFO: common:  created directory at: artifacts/data_ingestion]
[2024-02-25 14:10:54,211: INFO: data_ingestion:  File already exists of size: ~ 565 KB]
[2024-02-25 14:10:54,226: INFO: stage_01_data_ingestion:  >>>>>> stage Data Ingestion completed <<<<<<

x==========x]
[2024-02-25 14:10:54,476: INFO: stage_02_data_validation:  >>>>>> stage Data Validation stage started <<<<<<]
[2024-02-25 14:10:54,476: INFO: common:  yaml file: config\config.yaml loaded successfully]
[2024-02-25 14:10:54,476: INFO: common:  yaml file: params.yaml loaded successfully]
[2024-02-25 14:10:54,476: INFO: common:  yaml file: schema.yaml loaded successfully]
[2024-02-25 14:10:54,476: INFO: common:  created directory at: artifacts/model_training]
[2024-02-25 14:10:54,476: INFO: common:  created directory at: artifacts/data_validation]
[2024-02-25 14:10:54,539: INFO: stage_02_data_validation:  >>>>>> stage Data Validation stage completed <<<<<<

x==========x]
[2024-02-25 14:10:54,952: INFO: stage_03_data_transformation:  >>>>>> stage Data Transformation stage started <<<<<<]
[2024-02-25 14:10:54,968: INFO: common:  yaml file: config\config.yaml loaded successfully]
[2024-02-25 14:10:54,969: INFO: common:  yaml file: params.yaml loaded successfully]
[2024-02-25 14:10:54,969: INFO: common:  yaml file: schema.yaml loaded successfully]
[2024-02-25 14:10:54,969: INFO: common:  created directory at: artifacts/model_training]
[2024-02-25 14:10:54,971: INFO: common:  created directory at: artifacts/data_transformation]
[2024-02-25 14:10:55,307: INFO: data_transformation:  Splited data into training and test sets]
[2024-02-25 14:10:55,307: INFO: data_transformation:  (36168, 31)]
[2024-02-25 14:10:55,307: INFO: data_transformation:  (36168,)]
[2024-02-25 14:10:55,624: INFO: stage_03_data_transformation:  >>>>>> stage Data Transformation stage completed <<<<<<

x==========x]
[2024-02-25 14:10:55,933: INFO: stage_04_model_training:  >>>>>> stage Model Training stage started <<<<<<]
[2024-02-25 14:10:55,933: INFO: common:  yaml file: config\config.yaml loaded successfully]
[2024-02-25 14:10:55,933: INFO: common:  yaml file: params.yaml loaded successfully]
[2024-02-25 14:10:55,933: INFO: common:  yaml file: schema.yaml loaded successfully]
[2024-02-25 14:10:55,933: INFO: common:  created directory at: artifacts/model_training]
[2024-02-25 14:10:55,933: ERROR: stage_04_model_training:  'function' object has no attribute 'read_csv']
Traceback (most recent call last):
  File "C:\development\Machine-Learning\end-to-end-ml-project\src\ml_project\pipeline\stage_04_model_training.py", line 22, in ModelTrainingPipeline
    main()
  File "C:\development\Machine-Learning\end-to-end-ml-project\src\ml_project\pipeline\stage_04_model_training.py", line 18, in main
    model_training_config.train()
  File "C:\development\Machine-Learning\end-to-end-ml-project\src\ml_project\components\model_training.py", line 14, in train
    X_train = pd.read_csv(self.config.X_train_data_path)
              ^^^^^^^^^^^
AttributeError: 'function' object has no attribute 'read_csv'
[2024-02-25 14:11:22,087: INFO: stage_01_data_ingestion:  >>>>>> stage Data Ingestion started <<<<<<]
[2024-02-25 14:11:22,087: INFO: common:  yaml file: config\config.yaml loaded successfully]
[2024-02-25 14:11:22,103: INFO: common:  yaml file: params.yaml loaded successfully]
[2024-02-25 14:11:22,103: INFO: common:  yaml file: schema.yaml loaded successfully]
[2024-02-25 14:11:22,103: INFO: common:  created directory at: artifacts/model_training]
[2024-02-25 14:11:22,103: INFO: common:  created directory at: artifacts/data_ingestion]
[2024-02-25 14:11:22,103: INFO: data_ingestion:  File already exists of size: ~ 565 KB]
[2024-02-25 14:11:22,120: INFO: stage_01_data_ingestion:  >>>>>> stage Data Ingestion completed <<<<<<

x==========x]
[2024-02-25 14:11:22,393: INFO: stage_02_data_validation:  >>>>>> stage Data Validation stage started <<<<<<]
[2024-02-25 14:11:22,393: INFO: common:  yaml file: config\config.yaml loaded successfully]
[2024-02-25 14:11:22,393: INFO: common:  yaml file: params.yaml loaded successfully]
[2024-02-25 14:11:22,393: INFO: common:  yaml file: schema.yaml loaded successfully]
[2024-02-25 14:11:22,393: INFO: common:  created directory at: artifacts/model_training]
[2024-02-25 14:11:22,393: INFO: common:  created directory at: artifacts/data_validation]
[2024-02-25 14:11:22,458: INFO: stage_02_data_validation:  >>>>>> stage Data Validation stage completed <<<<<<

x==========x]
[2024-02-25 14:11:22,872: INFO: stage_03_data_transformation:  >>>>>> stage Data Transformation stage started <<<<<<]
[2024-02-25 14:11:22,872: INFO: common:  yaml file: config\config.yaml loaded successfully]
[2024-02-25 14:11:22,872: INFO: common:  yaml file: params.yaml loaded successfully]
[2024-02-25 14:11:22,888: INFO: common:  yaml file: schema.yaml loaded successfully]
[2024-02-25 14:11:22,888: INFO: common:  created directory at: artifacts/model_training]
[2024-02-25 14:11:22,888: INFO: common:  created directory at: artifacts/data_transformation]
[2024-02-25 14:11:23,260: INFO: data_transformation:  Splited data into training and test sets]
[2024-02-25 14:11:23,260: INFO: data_transformation:  (36168, 31)]
[2024-02-25 14:11:23,260: INFO: data_transformation:  (36168,)]
[2024-02-25 14:11:23,583: INFO: stage_03_data_transformation:  >>>>>> stage Data Transformation stage completed <<<<<<

x==========x]
[2024-02-25 14:11:23,678: INFO: stage_04_model_training:  >>>>>> stage Model Training stage started <<<<<<]
[2024-02-25 14:11:23,694: INFO: common:  yaml file: config\config.yaml loaded successfully]
[2024-02-25 14:11:23,694: INFO: common:  yaml file: params.yaml loaded successfully]
[2024-02-25 14:11:23,694: INFO: common:  yaml file: schema.yaml loaded successfully]
[2024-02-25 14:11:23,694: INFO: common:  created directory at: artifacts/model_training]
[2024-02-25 14:11:24,050: INFO: stage_04_model_training:  >>>>>> stage Model Training stage completed <<<<<<

x==========x]
[2024-02-25 14:11:24,050: INFO: main:  Starting Data Ingestion]
[2024-02-25 14:11:24,050: INFO: main:  Data Ingestion completed]
[2024-02-25 14:11:24,055: INFO: main:  Starting Data Validation]
[2024-02-25 14:11:24,055: INFO: main:  Data Validation completed]
[2024-02-25 14:11:24,055: INFO: main:  Starting Data Transformation]
[2024-02-25 14:11:24,055: INFO: main:  Data Transformation completed]
[2024-02-25 14:11:24,055: INFO: main:  Starting Model Training]
[2024-02-25 14:11:24,055: INFO: main:  Model Training completed]
